[2015.08.22-20.24.15:790][  0]Log file open, 08/22/15 16:24:15
[2015.08.22-20.24.15:790][  0]LogInit:Display: Running engine for game: Limb
[2015.08.22-20.24.15:790][  0]LogInit:Display: RandInit(-590250402) SRandInit(-590250402).
[2015.08.22-20.24.15:790][  0]LogTaskGraph: Started task graph with 4 named threads and 6 total threads.
[2015.08.22-20.24.15:790][  0]LogStats: Stats thread started
[2015.08.22-20.24.15:790][  0]LogInit: Version: 4.8.3-2634408+++depot+UE4-Releases+4.8
[2015.08.22-20.24.15:790][  0]LogInit: API Version: 2579680
[2015.08.22-20.24.15:790][  0]LogInit: Compiled (64-bit): Jul 27 2015 16:24:33
[2015.08.22-20.24.15:790][  0]LogInit: Compiled with Visual C++: 18.00.21005.01
[2015.08.22-20.24.15:791][  0]LogInit: Build Configuration: Development
[2015.08.22-20.24.15:791][  0]LogInit: Branch Name: ++depot+UE4-Releases+4.8
[2015.08.22-20.24.15:791][  0]LogInit: Command line:  
[2015.08.22-20.24.15:791][  0]LogInit: Base directory: A:/Program Files/Epic Games/4.8/Engine/Binaries/Win64/
[2015.08.22-20.24.15:791][  0]LogInit: Rocket: 1
[2015.08.22-20.24.15:816][  0]LogInit: Using libcurl 7.41.0
[2015.08.22-20.24.15:816][  0]LogInit:  - built for x86_64-pc-win32
[2015.08.22-20.24.15:816][  0]LogInit:  - supports SSL with WinSSL
[2015.08.22-20.24.15:816][  0]LogInit:  - other features:
[2015.08.22-20.24.15:816][  0]LogInit:      CURL_VERSION_SSL
[2015.08.22-20.24.15:816][  0]LogInit:      CURL_VERSION_IPV6
[2015.08.22-20.24.15:816][  0]LogInit:      CURL_VERSION_ASYNCHDNS
[2015.08.22-20.24.15:816][  0]LogInit:      CURL_VERSION_LARGEFILE
[2015.08.22-20.24.15:816][  0]LogInit:      CURL_VERSION_IDN
[2015.08.22-20.24.15:817][  0]LogInit:  CurlRequestOptions (configurable via config and command line):
[2015.08.22-20.24.15:817][  0]LogInit:  - bVerifyPeer = true  - Libcurl will verify peer certificate
[2015.08.22-20.24.15:817][  0]LogInit:  - bUseHttpProxy = false  - Libcurl will NOT use HTTP proxy
[2015.08.22-20.24.15:817][  0]LogInit:  - bDontReuseConnections = false  - Libcurl will reuse connections
[2015.08.22-20.24.15:817][  0]LogInit:  - CertBundlePath = nullptr  - Libcurl will use whatever was configured at build time.
[2015.08.22-20.24.15:842][  0]LogOnline:Warning: No default platform service specified for OnlineSubsystem
[2015.08.22-20.24.15:871][  0]LogInit: Presizing for 0 objects not considered by GC, pre-allocating 0 bytes.
[2015.08.22-20.24.15:880][  0]LogInit: Object subsystem initialized
[2015.08.22-20.24.15:882][  0]LogConsoleResponse:Warning: Skipping Unknown console variable: 'TranslucentSortAxis = (X=0.000000,Y=-1.000000,Z=0.000000)'
[2015.08.22-20.24.15:882][  0]LogConsoleResponse:Warning:   Found in ini file 'A:/Users/TheMento/Documents/Unreal Projects/Limb/Saved/Config/Windows/Engine.ini', in section '[/Script/Engine.RendererSettings]'
[2015.08.22-20.24.15:882][  0]LogConsoleResponse:Warning: Skipping Unknown console variable: 'UIScaleRule = ShortestSide'
[2015.08.22-20.24.15:883][  0]LogConsoleResponse:Warning:   Found in ini file 'A:/Users/TheMento/Documents/Unreal Projects/Limb/Saved/Config/Windows/Engine.ini', in section '[/Script/Engine.RendererSettings]'
[2015.08.22-20.24.15:883][  0]LogConsoleResponse:Warning: Skipping Unknown console variable: 'UIScaleCurve = (EditorCurveData=(Keys=),ExternalCurve=None)'
[2015.08.22-20.24.15:883][  0]LogConsoleResponse:Warning:   Found in ini file 'A:/Users/TheMento/Documents/Unreal Projects/Limb/Saved/Config/Windows/Engine.ini', in section '[/Script/Engine.RendererSettings]'
[2015.08.22-20.24.15:883][  0]LogInit: Selected Device Profile: [Windows]
[2015.08.22-20.24.15:883][  0]LogInit: Applying CVar settings loaded from the selected device profile: [Windows]
[2015.08.22-20.24.15:893][  0]LogInit: Computer: GOD
[2015.08.22-20.24.15:893][  0]LogInit: User: BaronVonBitchface
[2015.08.22-20.24.15:893][  0]LogInit: CPU Page size=4096, Cores=3
[2015.08.22-20.24.15:893][  0]LogInit: High frequency timer resolution =4.347614 MHz
[2015.08.22-20.24.15:893][  0]LogMemory: Memory total: Physical=8.0GB (8GB approx)
[2015.08.22-20.24.15:893][  0]LogMemory: Platform Memory Stats for Windows
[2015.08.22-20.24.15:893][  0]LogMemory: Process Physical Memory: 49.67 MB used, 49.67 MB peak
[2015.08.22-20.24.15:893][  0]LogMemory: Process Virtual Memory: 21.43 MB used, 22.27 MB peak
[2015.08.22-20.24.15:893][  0]LogMemory: Physical Memory: 3830.86 MB used, 8173.19 MB total
[2015.08.22-20.24.15:893][  0]LogMemory: Virtual Memory: 308.82 MB used, 134217728.00 MB total
[2015.08.22-20.24.15:941][  0]LogTextLocalizationManager: The requested culture ('en_US') has no localization data; parent culture's ('en') localization data will be used.
[2015.08.22-20.24.16:158][  0]LogTextLocalizationManager:Warning: Loaded localization resources contain conflicting entries for (Namespace:ContentBrowser, Key:ImportAssetToolTip):
Localization Resource: (A:/Program Files/Epic Games/4.8/Engine/Content/Localization/Editor/en/Editor.locres) Source String Hash: (-630476809) Localized String: (Import to {0}...)
Localization Resource: (A:/Program Files/Epic Games/4.8/Engine/Content/Localization/Editor/en/Editor.locres) Source String Hash: (1271782899) Localized String: (Imports an asset from file to this folder.)
[2015.08.22-20.24.16:716][  0]LogD3D11RHI: Found D3D11 adapter 0: NVIDIA GeForce GTX 970 (Feature Level 11_0)
[2015.08.22-20.24.16:716][  0]LogD3D11RHI: Adapter has 4008MB of dedicated video memory, 0MB of dedicated system memory, and 4086MB of shared system memory, 2 output[s]
[2015.08.22-20.24.16:718][  0]LogD3D11RHI: Found D3D11 adapter 1: Microsoft Basic Render Driver (Feature Level 11_0)
[2015.08.22-20.24.16:718][  0]LogD3D11RHI: Adapter has 0MB of dedicated video memory, 0MB of dedicated system memory, and 4086MB of shared system memory, 0 output[s]
[2015.08.22-20.24.16:718][  0]LogD3D11RHI: Chosen D3D11 Adapter Id = 0
[2015.08.22-20.24.16:724][  0]LogD3D11RHI: InitD3DDevice
[2015.08.22-20.24.16:724][  0]LogD3D11RHI: !Direct3DDevice
[2015.08.22-20.24.16:724][  0]LogRHI: Texture pool is 1361 MB (70% of 1945 MB)
[2015.08.22-20.24.16:742][  0]LogD3D11RHI: Async texture creation enabled
[2015.08.22-20.24.16:758][  0]LogShaderCompilers:Display: Using Local Shader Compiler.
[2015.08.22-20.24.18:012][  0]LogTemp:Display: Loaded TP DesktopTargetPlatform
[2015.08.22-20.24.18:040][  0]LogTemp:Display: Loaded TP WindowsClientTargetPlatform
[2015.08.22-20.24.18:068][  0]LogTemp:Display: Loaded TP WindowsNoEditorTargetPlatform
[2015.08.22-20.24.18:094][  0]LogTemp:Display: Loaded TP WindowsServerTargetPlatform
[2015.08.22-20.24.18:122][  0]LogTemp:Display: Loaded TP WindowsTargetPlatform
[2015.08.22-20.24.18:148][  0]LogTemp:Display: Loaded TP AndroidTargetPlatform
[2015.08.22-20.24.18:173][  0]LogTemp:Display: Loaded TP Android_ASTCTargetPlatform
[2015.08.22-20.24.18:196][  0]LogTemp:Display: Loaded TP Android_ATCTargetPlatform
[2015.08.22-20.24.18:219][  0]LogTemp:Display: Loaded TP Android_DXTTargetPlatform
[2015.08.22-20.24.18:245][  0]LogTemp:Display: Loaded TP Android_ETC1TargetPlatform
[2015.08.22-20.24.18:268][  0]LogTemp:Display: Loaded TP Android_ETC2TargetPlatform
[2015.08.22-20.24.18:293][  0]LogTemp:Display: Loaded TP Android_PVRTCTargetPlatform
[2015.08.22-20.24.18:375][  0]LogTemp:Display: Loaded TP IOSTargetPlatform
[2015.08.22-20.24.18:397][  0]LogTemp:Display: Loaded TP LinuxNoEditorTargetPlatform
[2015.08.22-20.24.18:421][  0]LogTemp:Display: Loaded TP LinuxServerTargetPlatform
[2015.08.22-20.24.18:447][  0]LogTemp:Display: Loaded TP LinuxTargetPlatform
[2015.08.22-20.24.18:447][  0]LogTargetPlatformManager:Display: Building Assets For Windows
[2015.08.22-20.24.18:852][  0]LogDerivedDataCache:Display: Max Cache Size: 512 MB
[2015.08.22-20.24.18:934][  0]LogDerivedDataCache: Loaded boot cache 0.08s 53MB C:/Users/theme/AppData/Local/UnrealEngine/4.8/DerivedDataCache/Boot.ddc.
[2015.08.22-20.24.18:934][  0]LogDerivedDataCache:Display: Loaded Boot cache: C:/Users/theme/AppData/Local/UnrealEngine/4.8/DerivedDataCache/Boot.ddc
[2015.08.22-20.24.18:934][  0]LogDerivedDataCache: FDerivedDataBackendGraph:  Pak pak cache file ../../../../../../Users/TheMento/Documents/Unreal Projects/Limb/DerivedDataCache/DDC.ddp not found, will not use a pak cache.
[2015.08.22-20.24.18:934][  0]LogDerivedDataCache: Unable to find inner node Pak for hierarchical cache Hierarchy.
[2015.08.22-20.24.18:934][  0]LogDerivedDataCache: FDerivedDataBackendGraph:  CompressedPak pak cache file ../../../../../../Users/TheMento/Documents/Unreal Projects/Limb/DerivedDataCache/Compressed.ddp not found, will not use a pak cache.
[2015.08.22-20.24.18:934][  0]LogDerivedDataCache: Unable to find inner node CompressedPak for hierarchical cache Hierarchy.
[2015.08.22-20.24.19:070][  0]LogDerivedDataCache:Display: Pak cache opened for reading ../../../Engine/DerivedDataCache/Compressed.ddp.
[2015.08.22-20.24.19:082][  0]LogDerivedDataCache: Using Local data cache path C:/Users/theme/AppData/Local/UnrealEngine/Common/DerivedDataCache: Writable
[2015.08.22-20.24.19:444][  0]LogInit: Selected Device Profile: [Windows]
[2015.08.22-20.24.19:540][  0]ImportText (ComponentSweepMultiTests): Missing closing parenthesis: (RootShapeAsset="/Engine/BasicShapes/Cube.Cube",ShapeType="TriggerCapsule",HitResult=(Time=0.50,Location=(X=-100.000015,Y=0.0,Z=100.000015),ImpactPoint=(X=-50.0,Y=0.0,Z=50.0),Normal=(X=-1.0,Y=-0.0,Z=0.0),ImpactNormal=(X=0.0,Y=0.0,Z=1.0),TraceStart=(X=-200.0,Y=0.0,Z=200.0),TraceEnd=(X=0.0,Y=0.0,Z=0.0))
[2015.08.22-20.24.19:541][  0]ImportText (LineTraceSingleByChannelTests): Missing closing parenthesis: (RootShapeAsset="/Engine/BasicShapes/Cube.Cube",HitResult=(Time=0.50,Location=(X=-100.000015,Y=0.0,Z=100.000015),ImpactPoint=(X=-50.0,Y=0.0,Z=50.0),Normal=(X=-1.0,Y=-0.0,Z=0.0),ImpactNormal=(X=0.0,Y=0.0,Z=1.0),TraceStart=(X=-200.0,Y=0.0,Z=200.0),TraceEnd=(X=0.0,Y=0.0,Z=0.0))
[2015.08.22-20.24.19:588][  0]LogMeshUtilities: No automatic mesh reduction module available
[2015.08.22-20.24.19:588][  0]LogMeshUtilities: No automatic mesh merging module available
[2015.08.22-20.24.20:054][  0]LogInit: WinSock: version 1.1 (2.2), MaxSocks=32767, MaxUdp=65467
[2015.08.22-20.24.21:957][  0]UdpMessaging: Initializing bridge on interface 0.0.0.0:0 to multicast group 230.0.0.1:6666.
[2015.08.22-20.24.22:526][  0]SourceControl: Info Source control is disabled
[2015.08.22-20.24.22:570][  0]SourceControl: Info Source control is disabled
[2015.08.22-20.24.22:589][  0]SourceControl: Info Source control is disabled
[2015.08.22-20.24.22:609][  0]SourceControl: Info Source control is disabled
[2015.08.22-20.24.23:041][  0]LogObj: 26273 objects as part of root set at end of initial load.
[2015.08.22-20.24.23:041][  0]LogUObjectAllocator: 5409248 out of 0 bytes used by permanent object pool.
[2015.08.22-20.24.23:152][  0]LogEngine: Initializing Engine...
[2015.08.22-20.24.23:156][  0]LogHMD: Can't find Oculus library dev build: is proper Runtime installed? Version: 0.6.0.0
[2015.08.22-20.24.23:157][  0]LogHMD:Warning: SteamVR failed to initialize.  Error: 110
[2015.08.22-20.24.23:405][  0]LogAIModule: Creating AISystem for world NewWorld
[2015.08.22-20.24.23:429][  0]LogInit: XAudio2 using 'Speakers (SB Recon3D PCIe)' : 6 channels at 48 kHz using 32 bits per sample (channel mask 0x3f)
[2015.08.22-20.24.23:462][  0]LogInit: FAudioDevice initialized.
[2015.08.22-20.24.23:505][  0]LogDerivedDataCache: Saved boot cache 0.04s 53MB C:/Users/theme/AppData/Local/UnrealEngine/4.8/DerivedDataCache/Boot.ddc.
[2015.08.22-20.24.23:515][  0]LogInit: Texture streaming: Disabled
[2015.08.22-20.24.23:560][  0]LogAnalytics: Creating configured Analytics provider AnalyticsET
[2015.08.22-20.24.23:560][  0]LogAnalytics: [UEEditor.Rocket.Release] APIServer = http://et2.epicgames.com/ET2/. AppVersion = 4.8.3-2634408+++depot+UE4-Releases+4.8
[2015.08.22-20.24.23:560][  0]LogAnalytics: [UEEditor.Rocket.Release] SetUserId 802b7bc647a00e0457074fb308ba6840|8f8542706cac420a8dbe3486da7898d1|bc88bf93-1aa4-460f-bc66-39f5ed50d743
[2015.08.22-20.24.23:560][  0]LogAnalytics: [UEEditor.Rocket.Release] AnalyticsET::StartSession
[2015.08.22-20.24.23:865][  0]LogInit: Transaction tracking system initialized
[2015.08.22-20.24.24:111][  0]BlueprintLog: New page: Editor Load
[2015.08.22-20.24.24:172][  0]LogAssetRegistry: FAssetRegistry took 0.0104 seconds to start up
[2015.08.22-20.24.24:172][  0]LogDirectoryWatcher:Warning: Failed to begin reading directory changes for ../../../Engine/Plugins/Experimental/CharacterAI/Content/. Error: 0
[2015.08.22-20.24.25:404][  0]LogConsoleManager:Warning: Console variable 'r.VSync' wasn't set ('GameSetting' has a lower priority than 'SystemSettingsIni')
[2015.08.22-20.24.25:404][  0]LogConsoleResponse:Display: 
[2015.08.22-20.24.25:568][  0]LogCook:Display: Done creating registry. It took  0.00s.
[2015.08.22-20.24.25:923][  0]SourceControl: Info Source control is disabled
[2015.08.22-20.24.25:923][  0]Cmd: MAP LOAD FILE="../../../../../../Users/TheMento/Documents/Unreal Projects/Limb/Content/FlyingBP/Maps/FlyingExampleMap.umap" TEMPLATE=0 SHOWPROGRESS=1 FEATURELEVEL=3
[2015.08.22-20.24.26:003][  0]LightingResults: New page: Lighting Build
[2015.08.22-20.24.26:028][  0]MapCheck: New page: Map Check
[2015.08.22-20.24.26:028][  0]LightingResults: New page: Lighting Build
[2015.08.22-20.24.26:042][  0]LogParticles: Destroying 0 GPU particle simulations for FXSystem 0x0000001BAAE6B9C0
[2015.08.22-20.24.28:719][  0]LogAIModule: Creating AISystem for world FlyingExampleMap
[2015.08.22-20.24.28:742][  0]LogEditorServer: Finished looking for orphan Actors (0.000 secs)
[2015.08.22-20.24.29:128][  0]Cmd: MAP CHECKDEP NOCLEARLOG
[2015.08.22-20.24.29:249][  0]MapCheck: Info Map check complete: 0 Error(s), 0 Warning(s), took 120.278ms to complete.
[2015.08.22-20.24.29:249][  0]LogFileHelpers: Loading map 'FlyingExampleMap' took 3.326
[2015.08.22-20.24.29:425][  0]LogCollectionManager: Loaded 0 collections in 0.003165 seconds
[2015.08.22-20.24.29:435][  0]LogContentBrowser: Native class hierarchy populated in 0.0100 seconds. Added 1792 classes and 301 folders.
[2015.08.22-20.24.29:522][  0]LogContentBrowser: Native class hierarchy updated for 'WidgetCarousel' in 0.0005 seconds. Added 0 classes and 0 folders.
[2015.08.22-20.24.29:583][  0]LogContentBrowser: Native class hierarchy updated for 'AddContentDialog' in 0.0005 seconds. Added 0 classes and 0 folders.
[2015.08.22-20.24.29:612][  0]LogContentBrowser: Native class hierarchy updated for 'SceneOutliner' in 0.0005 seconds. Added 1 classes and 2 folders.
[2015.08.22-20.24.29:660][  0]LogCrashTracker: Crashtracker disabled due to settings.
[2015.08.22-20.24.29:661][  0]LogD3D11RHI: InitD3DDevice
[2015.08.22-20.24.29:667][  0]LogUObjectGlobals:Warning: Failed to find object 'Class None.'
[2015.08.22-20.24.29:689][  0]LogLoad: Full Startup: 16.29 seconds (BP compile: 0.77 seconds)
[2015.08.22-20.24.29:788][  0]LogContentStreaming: Texture pool size is 0.000000MB
[2015.08.22-20.24.29:824][  0]LogContentStreaming: Texture pool size now 1000 MB
[2015.08.22-20.24.30:083][  0]LogRenderer: Reallocating scene render targets to support 1208x576 (Frame:2).
[2015.08.22-20.24.30:495][  8]LogAssetRegistry: Asset discovery search completed in 6.3342 seconds
[2015.08.22-20.24.33:643][366]LogD3D11RHI: InitD3DDevice
[2015.08.22-20.24.35:724][610]LogPlayLevel: PIE:  No blueprints needed recompiling
[2015.08.22-20.24.35:727][610]PIE: New page: PIE session: FlyingExampleMap (Aug 22, 2015, 12:24:35 PM)
[2015.08.22-20.24.35:728][610]LogPlayLevel: Creating play world package: /Game/FlyingBP/Maps/UEDPIE_0_FlyingExampleMap
[2015.08.22-20.24.35:799][610]LogPlayLevel: PIE: StaticDuplicateObject took: (0.071448s)
[2015.08.22-20.24.35:800][610]LogAIModule: Creating AISystem for world FlyingExampleMap
[2015.08.22-20.24.35:801][610]LogPlayLevel: PIE: World Init took: (0.001787s)
[2015.08.22-20.24.35:801][610]LogPlayLevel: PIE: Created PIE world by copying editor world from /Game/FlyingBP/Maps/FlyingExampleMap.FlyingExampleMap to /Game/FlyingBP/Maps/UEDPIE_0_FlyingExampleMap.FlyingExampleMap (0.073571s)
[2015.08.22-20.24.35:966][610]LogInit: XAudio2 using 'Speakers (SB Recon3D PCIe)' : 6 channels at 48 kHz using 32 bits per sample (ch