[2015.08.22-19.47.58:050][  0]Log file open, 08/22/15 15:47:58
[2015.08.22-19.47.58:050][  0]LogInit:Display: Running engine for game: Limb
[2015.08.22-19.47.58:050][  0]LogInit:Display: RandInit(-1468170732) SRandInit(-1468170731).
[2015.08.22-19.47.58:050][  0]LogTaskGraph: Started task graph with 4 named threads and 6 total threads.
[2015.08.22-19.47.58:050][  0]LogStats: Stats thread started
[2015.08.22-19.47.58:050][  0]LogInit: Version: 4.8.3-2634408+++depot+UE4-Releases+4.8
[2015.08.22-19.47.58:050][  0]LogInit: API Version: 2579680
[2015.08.22-19.47.58:050][  0]LogInit: Compiled (64-bit): Jul 27 2015 16:24:33
[2015.08.22-19.47.58:050][  0]LogInit: Compiled with Visual C++: 18.00.21005.01
[2015.08.22-19.47.58:050][  0]LogInit: Build Configuration: Development
[2015.08.22-19.47.58:050][  0]LogInit: Branch Name: ++depot+UE4-Releases+4.8
[2015.08.22-19.47.58:050][  0]LogInit: Command line:  
[2015.08.22-19.47.58:050][  0]LogInit: Base directory: A:/Program Files/Epic Games/4.8/Engine/Binaries/Win64/
[2015.08.22-19.47.58:050][  0]LogInit: Rocket: 1
[2015.08.22-19.47.58:074][  0]LogInit: Using libcurl 7.41.0
[2015.08.22-19.47.58:074][  0]LogInit:  - built for x86_64-pc-win32
[2015.08.22-19.47.58:074][  0]LogInit:  - supports SSL with WinSSL
[2015.08.22-19.47.58:074][  0]LogInit:  - other features:
[2015.08.22-19.47.58:074][  0]LogInit:      CURL_VERSION_SSL
[2015.08.22-19.47.58:074][  0]LogInit:      CURL_VERSION_IPV6
[2015.08.22-19.47.58:074][  0]LogInit:      CURL_VERSION_ASYNCHDNS
[2015.08.22-19.47.58:074][  0]LogInit:      CURL_VERSION_LARGEFILE
[2015.08.22-19.47.58:074][  0]LogInit:      CURL_VERSION_IDN
[2015.08.22-19.47.58:074][  0]LogInit:  CurlRequestOptions (configurable via config and command line):
[2015.08.22-19.47.58:074][  0]LogInit:  - bVerifyPeer = true  - Libcurl will verify peer certificate
[2015.08.22-19.47.58:074][  0]LogInit:  - bUseHttpProxy = false  - Libcurl will NOT use HTTP proxy
[2015.08.22-19.47.58:074][  0]LogInit:  - bDontReuseConnections = false  - Libcurl will reuse connections
[2015.08.22-19.47.58:074][  0]LogInit:  - CertBundlePath = nullptr  - Libcurl will use whatever was configured at build time.
[2015.08.22-19.47.58:096][  0]LogOnline:Warning: No default platform service specified for OnlineSubsystem
[2015.08.22-19.47.58:120][  0]LogInit: Presizing for 0 objects not considered by GC, pre-allocating 0 bytes.
[2015.08.22-19.47.58:129][  0]LogInit: Object subsystem initialized
[2015.08.22-19.47.58:130][  0]LogConsoleResponse:Warning: Skipping Unknown console variable: 'TranslucentSortAxis = (X=0.000000,Y=-1.000000,Z=0.000000)'
[2015.08.22-19.47.58:130][  0]LogConsoleResponse:Warning:   Found in ini file 'A:/Users/TheMento/Documents/Unreal Projects/Limb/Saved/Config/Windows/Engine.ini', in section '[/Script/Engine.RendererSettings]'
[2015.08.22-19.47.58:130][  0]LogConsoleResponse:Warning: Skipping Unknown console variable: 'UIScaleRule = ShortestSide'
[2015.08.22-19.47.58:130][  0]LogConsoleResponse:Warning:   Found in ini file 'A:/Users/TheMento/Documents/Unreal Projects/Limb/Saved/Config/Windows/Engine.ini', in section '[/Script/Engine.RendererSettings]'
[2015.08.22-19.47.58:130][  0]LogConsoleResponse:Warning: Skipping Unknown console variable: 'UIScaleCurve = (EditorCurveData=(Keys=),ExternalCurve=None)'
[2015.08.22-19.47.58:130][  0]LogConsoleResponse:Warning:   Found in ini file 'A:/Users/TheMento/Documents/Unreal Projects/Limb/Saved/Config/Windows/Engine.ini', in section '[/Script/Engine.RendererSettings]'
[2015.08.22-19.47.58:130][  0]LogInit: Selected Device Profile: [Windows]
[2015.08.22-19.47.58:130][  0]LogInit: Applying CVar settings loaded from the selected device profile: [Windows]
[2015.08.22-19.47.58:138][  0]LogInit: Computer: GOD
[2015.08.22-19.47.58:138][  0]LogInit: User: BaronVonBitchface
[2015.08.22-19.47.58:138][  0]LogInit: CPU Page size=4096, Cores=3
[2015.08.22-19.47.58:138][  0]LogInit: High frequency timer resolution =4.347614 MHz
[2015.08.22-19.47.58:138][  0]LogMemory: Memory total: Physical=8.0GB (8GB approx)
[2015.08.22-19.47.58:138][  0]LogMemory: Platform Memory Stats for Windows
[2015.08.22-19.47.58:138][  0]LogMemory: Process Physical Memory: 49.57 MB used, 49.57 MB peak
[2015.08.22-19.47.58:138][  0]LogMemory: Process Virtual Memory: 21.34 MB used, 22.19 MB peak
[2015.08.22-19.47.58:138][  0]LogMemory: Physical Memory: 3419.32 MB used, 8173.19 MB total
[2015.08.22-19.47.58:138][  0]LogMemory: Virtual Memory: 294.37 MB used, 134217728.00 MB total
[2015.08.22-19.47.58:185][  0]LogTextLocalizationManager: The requested culture ('en_US') has no localization data; parent culture's ('en') localization data will be used.
[2015.08.22-19.47.58:409][  0]LogTextLocalizationManager:Warning: Loaded localization resources contain conflicting entries for (Namespace:ContentBrowser, Key:ImportAssetToolTip):
Localization Resource: (A:/Program Files/Epic Games/4.8/Engine/Content/Localization/Editor/en/Editor.locres) Source String Hash: (-630476809) Localized String: (Import to {0}...)
Localization Resource: (A:/Program Files/Epic Games/4.8/Engine/Content/Localization/Editor/en/Editor.locres) Source String Hash: (1271782899) Localized String: (Imports an asset from file to this folder.)
[2015.08.22-19.47.58:925][  0]LogD3D11RHI: Found D3D11 adapter 0: NVIDIA GeForce GTX 970 (Feature Level 11_0)
[2015.08.22-19.47.58:925][  0]LogD3D11RHI: Adapter has 4008MB of dedicated video memory, 0MB of dedicated system memory, and 4086MB of shared system memory, 2 output[s]
[2015.08.22-19.47.58:927][  0]LogD3D11RHI: Found D3D11 adapter 1: Microsoft Basic Render Driver (Feature Level 11_0)
[2015.08.22-19.47.58:927][  0]LogD3D11RHI: Adapter has 0MB of dedicated video memory, 0MB of dedicated system memory, and 4086MB of shared system memory, 0 output[s]
[2015.08.22-19.47.58:927][  0]LogD3D11RHI: Chosen D3D11 Adapter Id = 0
[2015.08.22-19.47.58:932][  0]LogD3D11RHI: InitD3DDevice
[2015.08.22-19.47.58:932][  0]LogD3D11RHI: !Direct3DDevice
[2015.08.22-19.47.58:932][  0]LogRHI: Texture pool is 1361 MB (70% of 1945 MB)
[2015.08.22-19.47.58:952][  0]LogD3D11RHI: Async texture creation enabled
[2015.08.22-19.47.58:968][  0]LogShaderCompilers:Display: Using Local Shader Compiler.
[2015.08.22-19.47.59:917][  0]LogTemp:Display: Loaded TP DesktopTargetPlatform
[2015.08.22-19.47.59:941][  0]LogTemp:Display: Loaded TP WindowsClientTargetPlatform
[2015.08.22-19.47.59:965][  0]LogTemp:Display: Loaded TP WindowsNoEditorTargetPlatform
[2015.08.22-19.47.59:988][  0]LogTemp:Display: Loaded TP WindowsServerTargetPlatform
[2015.08.22-19.48.00:015][  0]LogTemp:Display: Loaded TP WindowsTargetPlatform
[2015.08.22-19.48.00:036][  0]LogTemp:Display: Loaded TP AndroidTargetPlatform
[2015.08.22-19.48.00:057][  0]LogTemp:Display: Loaded TP Android_ASTCTargetPlatform
[2015.08.22-19.48.00:078][  0]LogTemp:Display: Loaded TP Android_ATCTargetPlatform
[2015.08.22-19.48.00:098][  0]LogTemp:Display: Loaded TP Android_DXTTargetPlatform
[2015.08.22-19.48.00:120][  0]LogTemp:Display: Loaded TP Android_ETC1TargetPlatform
[2015.08.22-19.48.00:141][  0]LogTemp:Display: Loaded TP Android_ETC2TargetPlatform
[2015.08.22-19.48.00:163][  0]LogTemp:Display: Loaded TP Android_PVRTCTargetPlatform
[2015.08.22-19.48.00:240][  0]LogTemp:Display: Loaded TP IOSTargetPlatform
[2015.08.22-19.48.00:260][  0]LogTemp:Display: Loaded TP LinuxNoEditorTargetPlatform
[2015.08.22-19.48.00:281][  0]LogTemp:Display: Loaded TP LinuxServerTargetPlatform
[2015.08.22-19.48.00:305][  0]LogTemp:Display: Loaded TP LinuxTargetPlatform
[2015.08.22-19.48.00:305][  0]LogTargetPlatformManager:Display: Building Assets For Windows
[2015.08.22-19.48.00:683][  0]LogDerivedDataCache:Display: Max Cache Size: 512 MB
[2015.08.22-19.48.00:762][  0]LogDerivedDataCache: Loaded boot cache 0.08s 53MB C:/Users/theme/AppData/Local/UnrealEngine/4.8/DerivedDataCache/Boot.ddc.
[2015.08.22-19.48.00:762][  0]LogDerivedDataCache:Display: Loaded Boot cache: C:/Users/theme/AppData/Local/UnrealEngine/4.8/DerivedDataCache/Boot.ddc
[2015.08.22-19.48.00:762][  0]LogDerivedDataCache: FDerivedDataBackendGraph:  Pak pak cache file ../../../../../../Users/TheMento/Documents/Unreal Projects/Limb/DerivedDataCache/DDC.ddp not found, will not use a pak cache.
[2015.08.22-19.48.00:762][  0]LogDerivedDataCache: Unable to find inner node Pak for hierarchical cache Hierarchy.
[2015.08.22-19.48.00:762][  0]LogDerivedDataCache: FDerivedDataBackendGraph:  CompressedPak pak cache file ../../../../../../Users/TheMento/Documents/Unreal Projects/Limb/DerivedDataCache/Compressed.ddp not found, will not use a pak cache.
[2015.08.22-19.48.00:762][  0]LogDerivedDataCache: Unable to find inner node CompressedPak for hierarchical cache Hierarchy.
[2015.08.22-19.48.00:897][  0]LogDerivedDataCache:Display: Pak cache opened for reading ../../../Engine/DerivedDataCache/Compressed.ddp.
[2015.08.22-19.48.00:909][  0]LogDerivedDataCache: Using Local data cache path C:/Users/theme/AppData/Local/UnrealEngine/Common/DerivedDataCache: Writable
[2015.08.22-19.48.01:243][  0]LogInit: Selected Device Profile: [Windows]
[2015.08.22-19.48.01:339][  0]ImportText (ComponentSweepMultiTests): Missing closing parenthesis: (RootShapeAsset="/Engine/BasicShapes/Cube.Cube",ShapeType="TriggerCapsule",HitResult=(Time=0.50,Location=(X=-100.000015,Y=0.0,Z=100.000015),ImpactPoint=(X=-50.0,Y=0.0,Z=50.0),Normal=(X=-1.0,Y=-0.0,Z=0.0),ImpactNormal=(X=0.0,Y=0.0,Z=1.0),TraceStart=(X=-200.0,Y=0.0,Z=200.0),TraceEnd=(X=0.0,Y=0.0,Z=0.0))
[2015.08.22-19.48.01:339][  0]ImportText (LineTraceSingleByChannelTests): Missing closing parenthesis: (RootShapeAsset="/Engine/BasicShapes/Cube.Cube",HitResult=(Time=0.50,Location=(X=-100.000015,Y=0.0,Z=100.000015),ImpactPoint=(X=-50.0,Y=0.0,Z=50.0),Normal=(X=-1.0,Y=-0.0,Z=0.0),ImpactNormal=(X=0.0,Y=0.0,Z=1.0),TraceStart=(X=-200.0,Y=0.0,Z=200.0),TraceEnd=(X=0.0,Y=0.0,Z=0.0))
[2015.08.22-19.48.01:386][  0]LogMeshUtilities: No automatic mesh reduction module available
[2015.08.22-19.48.01:386][  0]LogMeshUtilities: No automatic mesh merging module available
[2015.08.22-19.48.01:833][  0]LogInit: WinSock: version 1.1 (2.2), MaxSocks=32767, MaxUdp=65467
[2015.08.22-19.48.03:623][  0]UdpMessaging: Initializing bridge on interface 0.0.0.0:0 to multicast group 230.0.0.1:6666.
[2015.08.22-19.48.04:173][  0]SourceControl: Info Source control is disabled
[2015.08.22-19.48.04:174][  0]SourceControl: Info Source control is disabled
[2015.08.22-19.48.04:191][  0]SourceControl: Info Source control is disabled
[2015.08.22-19.48.04:209][  0]SourceControl: Info Source control is disabled
[2015.08.22-19.48.04:615][  0]LogObj: 26273 objects as part of root set at end of initial load.
[2015.08.22-19.48.04:615][  0]LogUObjectAllocator: 5409248 out of 0 bytes used by permanent object pool.
[2015.08.22-19.48.04:721][  0]LogEngine: Initializing Engine...
[2015.08.22-19.48.04:725][  0]LogHMD: Can't find Oculus library dev build: is proper Runtime installed? Version: 0.6.0.0
[2015.08.22-19.48.04:726][  0]LogHMD:Warning: SteamVR failed to initialize.  Error: 110
[2015.08.22-19.48.04:942][  0]LogAIModule: Creating AISystem for world NewWorld
[2015.08.22-19.48.04:962][  0]LogInit: XAudio2 using 'Speakers (SB Recon3D PCIe)' : 6 channels at 48 kHz using 32 bits per sample (channel mask 0x3f)
[2015.08.22-19.48.04:988][  0]LogInit: FAudioDevice initialized.
[2015.08.22-19.48.05:029][  0]LogDerivedDataCache: Saved boot cache 0.04s 53MB C:/Users/theme/AppData/Local/UnrealEngine/4.8/DerivedDataCache/Boot.ddc.
[2015.08.22-19.48.05:038][  0]LogInit: Texture streaming: Disabled
[2015.08.22-19.48.05:081][  0]LogAnalytics: Creating configured Analytics provider AnalyticsET
[2015.08.22-19.48.05:081][  0]LogAnalytics: [UEEditor.Rocket.Release] APIServer = http://et2.epicgames.com/ET2/. AppVersion = 4.8.3-2634408+++depot+UE4-Releases+4.8
[2015.08.22-19.48.05:081][  0]LogAnalytics: [UEEditor.Rocket.Release] SetUserId 802b7bc647a00e0457074fb308ba6840|8f8542706cac420a8dbe3486da7898d1|bc88bf93-1aa4-460f-bc66-39f5ed50d743
[2015.08.22-19.48.05:081][  0]LogAnalytics: [UEEditor.Rocket.Release] AnalyticsET::StartSession
[2015.08.22-19.48.05:142][  0]LogInit: Transaction tracking system initialized
[2015.08.22-19.48.05:383][  0]BlueprintLog: New page: Editor Load
[2015.08.22-19.48.05:437][  0]LogAssetRegistry: FAssetRegistry took 0.0113 seconds to start up
[2015.08.22-19.48.05:437][  0]LogDirectoryWatcher:Warning: Failed to begin reading directory changes for ../../../Engine/Plugins/Experimental/CharacterAI/Content/. Error: 0
[2015.08.22-19.48.06:576][  0]LogConsoleManager:Warning: Console variable 'r.VSync' wasn't set ('GameSetting' has a lower priority than 'SystemSettingsIni')
[2015.08.22-19.48.06:577][  0]LogConsoleResponse:Display: 
[2015.08.22-19.48.06:730][  0]LogCook:Display: Done creating registry. It took  0.00s.
[2015.08.22-19.48.07:069][  0]SourceControl: Info Source control is disabled
[2015.08.22-19.48.07:069][  0]Cmd: MAP LOAD FILE="../../../../../../Users/TheMento/Documents/Unreal Projects/Limb/Content/FlyingBP/Maps/FlyingExampleMap.umap" TEMPLATE=0 SHOWPROGRESS=1 FEATURELEVEL=3
[2015.08.22-19.48.07:069][  0]LightingResults: New page: Lighting Build
[2015.08.22-19.48.07:091][  0]MapCheck: New page: Map Check
[2015.08.22-19.48.07:091][  0]LightingResults: New page: Lighting Build
[2015.08.22-19.48.07:104][  0]LogParticles: Destroying 0 GPU particle simulations for FXSystem 0x0000006E95E089A0
[2015.08.22-19.48.09:272][  0]LogAIModule: Creating AISystem for world FlyingExampleMap
[2015.08.22-19.48.09:292][  0]LogEditorServer: Finished looking for orphan Actors (0.000 secs)
[2015.08.22-19.48.09:575][  0]Cmd: MAP CHECKDEP NOCLEARLOG
[2015.08.22-19.48.09:677][  0]MapCheck: Info Map check complete: 0 Error(s), 0 Warning(s), took 102.033ms to complete.
[2015.08.22-19.48.09:678][  0]LogFileHelpers: Loading map 'FlyingExampleMap' took 2.609
[2015.08.22-19.48.09:833][  0]LogCollectionManager: Loaded 0 collections in 0.003124 seconds
[2015.08.22-19.48.09:843][  0]LogContentBrowser: Native class hierarchy populated in 0.0100 seconds. Added 1792 classes and 301 folders.
[2015.08.22-19.48.09:921][  0]LogContentBrowser: Native class hierarchy updated for 'WidgetCarousel' in 0.0004 seconds. Added 0 classes and 0 folders.
[2015.08.22-19.48.09:978][  0]LogContentBrowser: Native class hierarchy updated for 'AddContentDialog' in 0.0004 seconds. Added 0 classes and 0 folders.
[2015.08.22-19.48.10:005][  0]LogContentBrowser: Native class hierarchy updated for 'SceneOutliner' in 0.0004 seconds. Added 1 classes and 2 folders.
[2015.08.22-19.48.10:048][  0]LogCrashTracker: Crashtracker disabled due to settings.
[2015.08.22-19.48.10:050][  0]LogD3D11RHI: InitD3DDevice
[2015.08.22-19.48.10:054][  0]LogUObjectGlobals:Warning: Failed to find object 'Class None.'
[2015.08.22-19.48.10:077][  0]LogLoad: Full Startup: 14.39 seconds (BP compile: 0.76 seconds)
[2015.08.22-19.48.10:163][  0]LogContentStreaming: Texture pool size is 0.000000MB
[2015.08.22-19.48.10:194][  0]LogContentStreaming: Texture pool size now 1000 MB
[2015.08.22-19.48.10:439][  0]LogRenderer: Reallocating scene render targets to support 1208x576 (Frame:2).
[2015.08.22-19.48.10:822][  8]LogAssetRegistry: Asset discovery search completed in 5.3968 seconds
[2015.08.22-19.48.13:402][311]LogD3D11RHI: InitD3DDevice
[2015.08.22-19.48.14:356][422]LogPlayLevel: PIE:  No blueprints needed recompiling
[2015.08.22-19.48.14:359][422]PIE: New page: PIE session: FlyingExampleMap (Aug 22, 2015, 11:48:14 AM)
[2015.08.22-19.48.14:360][422]LogPlayLevel: Creating play world package: /Game/FlyingBP/Maps/UEDPIE_0_FlyingExampleMap
[2015.08.22-19.48.14:435][422]LogPlayLevel: PIE: StaticDuplicateObject took: (0.075211s)
[2015.08.22-19.48.14:436][422]LogAIModule: Creating AISystem for world FlyingExampleMap
[2015.08.22-19.48.14:440][422]LogPlayLevel: PIE: World Init took: (0.004844s)
[2015.08.22-19.48.14:440][422]LogPlayLevel: PIE: Created PIE world by copying editor world from /Game/FlyingBP/Maps/FlyingExampleMap.FlyingExampleMap to /Game/FlyingBP/Maps/UEDPIE_0_FlyingExampleMap.FlyingExampleMap (0.080511s)
[2015.08.22-19.48.14:604][422]LogInit: XAudio2 using 'Speakers (SB Recon3D PCIe)' : 6 channels at 48 kHz using 32 bits per sample (channel mask 0x3f)
[2015.08.22-19.48.14:615][422]LogInit: FAudioDevice initialized.
[2015.08.22-19.48.14:878][422]LogWorld: Game class is 'LimbGameMode_C'
[2015.08.22-19.48.14:913][422]LogWorld: Bringing World /Game/FlyingBP/Maps/UEDPIE_0_FlyingExampleMap.FlyingExampleMap up for play (max tick rate 0) at 2015.08.22-15.48.14
[2015.08.22-19.48.14:913][422]LogActor:Warning: GameSession /Game/FlyingBP/Maps/UEDPIE_0_FlyingExampleMap.FlyingExampleMap:PersistentLevel.GameSession_0 has natively added scene component(s), but none of them were set as the actor's RootComponent - picking one arbitrarily
[2015.08.22-19.48.14:913][422]LogActor:Warning: GameNetworkManager /Game/FlyingBP/Maps/UEDPIE_0_FlyingExampleMap.FlyingExampleMap:PersistentLevel.GameNetworkManager_0 has natively added scene component(s), but none of them were set as the actor's RootComponent - picking one arbitrarily
[2015.08.22-19.48.14:915][422]LogWorld: Bringing up level for play took: 0.034616
[2015.08.22-19.48.14:917][422]PIE: Info Play in editor start time for /Game/FlyingBP/Maps/UEDPIE_0_FlyingExampleMap -0.153
[2015.08.22-19.48.48:847][480]LogParticles: Destroying 0 GPU particle simulations for FXSystem 0x0000006EB4EEFD80
[2015.08.22-19.53.46:016][236]LogD3D11RHI: InitD3DDevice
[2015.08.22-19.53.47:650][427]LogD3D11RHI: InitD3DDevice
[2015.08.22-19.53.48:220][492]LogD3D11RHI: InitD3DDevice
[2015.08.22-19.53.48:297][499]LogD3D11RHI: InitD3DDevice
[2015.08.22-19.53.49:762][673]LogD3D11RHI: InitD3DDevice
[2015.08.22-19.53.52:387][986]LogD3D11RHI: InitD3DDevice
[2015.08.22-19.53.54:225][204]LogD3D11RHI: InitD3DDevice
[2015.08.22-19.53.54:901][283]LogD3D11RHI: InitD3DDevice
[2015.08.22-19.53.54:953][286]LogD3D11RHI: InitD3DDevice
[2015.08.22-19.53.57:570][591]LogD3D11RHI: InitD3DDevice
[2015.08.22-19.53.59:689][842]LogD3D11RHI: InitD3DDevice
[2015.08.22-19.54.12:951][416]LogD3D11RHI: InitD3DDevice
[2015.08.22-19.58.46:467][574]SourceControl:Error: Error Failed to enable Git source control. You need to initialize the project as a Git repository first.
[2015.08.22-19.58.46:476][574]LogD3D11RHI: InitD3DDevice
[2015.08.22-19.59.11:397][606]LogSourceControl:Error: '../../../../../../Users/TheMento/Documents/Unreal Projects/Limb/' is not part of a Git repository
[2015.08.22-19.59.11:602][606]LogSourceControl:Error: '../../../../../../Users/TheMento/Documents/Unreal Projects/Limb/' is not part of a Git repository
[2015.08.22-19.59.43:138][330]SourceControl: Info On branch master
[2015.08.22-19.59.43:138][330]SourceControl: Info Initial commit
[2015.08.22-19.59.43:138][330]SourceControl: Info Changes to be committed:
[2015.08.22-19.59.43:138][330]SourceControl: Info   (use "git rm --cached <file>..." to unstage)
[2015.08.22-19.59.43:138][330]SourceControl: Info 	new file:   .gitignore
[2015.08.22-19.59.43:138][330]SourceControl: Info 	new file:   Config/DefaultEditor.ini
[2015.08.22-19.59.43:138][330]SourceControl: Info 	new file:   Config/DefaultEditorPerProjectUserSettings.ini
[2015.08.22-19.59.43:138][330]SourceControl: Info 	new file:   Config/DefaultEngine.ini
[2015.08.22-19.59.43:138][330]SourceControl: Info 	new file:   Config/DefaultGame.ini
[2015.08.22-19.59.43:138][330]SourceControl: Info 	new file:   Config/DefaultInput.ini
[2015.08.22-19.59.43:138][330]SourceControl: Info 	new file:   Limb.uproject
[2015.08.22-19.59.43:138][330]SourceControl: Info Untracked files:
[2015.08.22-19.59.43:138][330]SourceControl: Info   (use "git add <file>..." to include in what will be committed)
[2015.08.22-19.59.43:138][330]SourceControl: Info 	Build/
[2015.08.22-19.59.43:138][330]SourceControl: Info 	Content/
[2015.08.22-19.59.43:147][330]LogD3D11RHI: InitD3DDevice
[2015.08.22-20.06.29:629][732]LogD3D11RHI: InitD3DDevice
[2015.08.22-20.06.31:066][899]LogD3D11RHI: InitD3DDevice
[2015.08.22-20.06.36:549][523]LogD3D11RHI: InitD3DDevice
[2015.08.22-20.06.49:740][ 86]SourceControl: Info fatal: A:/Program Files/Epic Games/4.8/Engine/Content/ArtTools/RenderToTexture/Blueprints/PhysMesh.uasset: 'A:/Program Files/Epic Games/4.8/Engine/Content/ArtTools/RenderToTexture/Blueprints/PhysMesh.uasset' is outside repository
[2015.08.22-20.06.49:740][ 86]SourceControl: Info fatal: A:/Program Files/Epic Games/4.8/Engine/Content/ArtTools/RenderToTexture/Enums/RenderToTexture_Enum.uasset: 'A:/Program Files/Epic Games/4.8/Engine/Content/ArtTools/RenderToTexture/Enums/RenderToTexture_Enum.uasset' is outside repository
[2015.08.22-20.06.49:740][ 86]SourceControl: Info fatal: A:/Program Files/Epic Games/4.8/Engine/Content/ArtTools/RenderToTexture/Macros/RenderToTextureMacros.uasset: 'A:/Program Files/Epic Games/4.8/Engine/Content/ArtTools/RenderToTexture/Macros/RenderToTextureMacros.uasset' is outside repository
[2015.08.22-20.06.49:740][ 86]SourceControl: Info fatal: A:/Program Files/Epic Games/4.8/Engine/Content/ArtTools/RenderToTexture/MaterialFunctions/BoundingSphereBased_0-1_UVW.uasset: 'A:/Program Files/Epic Games/4.8/Engine/Content/ArtTools/RenderToTexture/MaterialFunctions/BoundingSphereBased_0-1_UVW.uasset' is outside repository
[2015.08.22-20.06.49:740][ 86]SourceControl: Info fatal: A:/Program Files/Epic Games/4.8/Engine/Content/ArtTools/RenderToTexture/Materials/MPC_R2T.uasset: 'A:/Program Files/Epic Games/4.8/Engine/Content/ArtTools/RenderToTexture/Materials/MPC_R2T.uasset' is outside repository
[2015.08.22-20.06.49:740][ 86]SourceControl: Info fatal: A:/Program Files/Epic Games/4.8/Engine/Content/ArtTools/RenderToTexture/Materials/Debug/M_2sidedLit.uasset: 'A:/Program Files/Epic Games/4.8/Engine/Content/ArtTools/RenderToTexture/Materials/Debug/M_2sidedLit.uasset' is outside repository
[2015.08.22-20.06.49:740][ 86]SourceControl: Info fatal: A:/Program Files/Epic Games/4.8/Engine/Content/ArtTools/RenderToTexture/Materials/Flipbooks/M_FlipBookCounter_01.uasset: 'A:/Program Files/Epic Games/4.8/Engine/Content/ArtTools/RenderToTexture/Materials/Flipbooks/M_FlipBookCounter_01.uasset' is outside repository
[2015.08.22-20.06.49:740][ 86]SourceControl: Info fatal: A:/Program Files/Epic Games/4.8/Engine/Content/ArtTools/RenderToTexture/Meshes/ShadowTestMesh.uasset: 'A:/Program Files/Epic Games/4.8/Engine/Content/ArtTools/RenderToTexture/Meshes/ShadowTestMesh.uasset' is outside repository
[2015.08.22-20.06.49:740][ 86]SourceControl: Info fatal: A:/Program Files/Epic Games/4.8/Engine/Content/ArtTools/RenderToTexture/Textures/127grey.uasset: 'A:/Program Files/Epic Games/4.8/Engine/Content/ArtTools/RenderToTexture/Textures/127grey.uasset' is outside repository
[2015.08.22-20.06.49:740][ 86]SourceControl: Info fatal: A:/Program Files/Epic Games/4.8/Engine/Content/ArtTools/RenderToTexture/Textures/FlipbookMotionVectors/Position1.uasset: 'A:/Program Files/Epic Games/4.8/Engine/Content/ArtTools/RenderToTexture/Textures/FlipbookMotionVectors/Position1.uasset' is outside repository
[2015.08.22-20.06.49:740][ 86]SourceControl: Info fatal: A:/Program Files/Epic Games/4.8/Engine/Content/BasicShapes/BasicShapeMaterial.uasset: 'A:/Program Files/Epic Games/4.8/Engine/Content/BasicShapes/BasicShapeMaterial.uasset' is outside repository
[2015.08.22-20.06.49:741][ 86]SourceControl: Info fatal: A:/Program Files/Epic Games/4.8/Engine/Content/BufferVisualization/AmbientOcclusion.uasset: 'A:/Program Files/Epic Games/4.8/Engine/Content/BufferVisualization/AmbientOcclusion.uasset' is outside repository
[2015.08.22-20.06.49:741][ 86]SourceControl: Info fatal: A:/Program Files/Epic Games/4.8/Engine/Content/Editor/Slate/Icons/AssetIcons/Cone_16x.uasset: 'A:/Program Files/Epic Games/4.8/Engine/Content/Editor/Slate/Icons/AssetIcons/Cone_16x.uasset' is outside repository
[2015.08.22-20.06.49:741][ 86]SourceControl: Info fatal: A:/Program Files/Epic Games/4.8/Engine/Content/EditorBlueprintResources/ActorMacros.uasset: 'A:/Program Files/Epic Games/4.8/Engine/Content/EditorBlueprintResources/ActorMacros.uasset' is outside repository
[2015.08.22-20.06.49:741][ 86]SourceControl: Info fatal: A:/Program Files/Epic Games/4.8/Engine/Content/EditorKismetResources/StandardMacros.uasset: 'A:/Program Files/Epic Games/4.8/Engine/Content/EditorKismetResources/StandardMacros.uasset' is outside repository
[2015.08.22-20.06.49:741][ 86]SourceControl: Info fatal: A:/Program Files/Epic Games/4.8/Engine/Content/EditorLandscapeResources/AlphaBrushMaterial.uasset: 'A:/Program Files/Epic Games/4.8/Engine/Content/EditorLandscapeResources/AlphaBrushMaterial.uasset' is outside repository
[2015.08.22-20.06.49:741][ 86]SourceControl: Info fatal: A:/Program Files/Epic Games/4.8/Engine/Content/EditorMaterials/Anchor.uasset: 'A:/Program Files/Epic Games/4.8/Engine/Content/EditorMaterials/Anchor.uasset' is outside repository
[2015.08.22-20.06.49:741][ 86]SourceControl: Info fatal: A:/Program Files/Epic Games/4.8/Engine/Content/EditorMaterials/TreeArrow_ExpandedRealtimePreview.uasset: 'A:/Program Files/Epic Games/4.8/Engine/Content/EditorMaterials/TreeArrow_ExpandedRealtimePreview.uasset' is outside repository
[2015.08.22-20.06.49:741][ 86]SourceControl: Info fatal: A:/Program Files/Epic Games/4.8/Engine/Content/EditorMaterials/Cascade/CASC_BackgroundCube_MAT.uasset: 'A:/Program Files/Epic Games/4.8/Engine/Content/EditorMaterials/Cascade/CASC_BackgroundCube_MAT.uasset' is outside repository
[2015.08.22-20.06.49:741][ 86]SourceControl: Info fatal: A:/Program Files/Epic Games/4.8/Engine/Content/EditorMaterials/Matinee/MAT_EnableTrack_Mat.uasset: 'A:/Program Files/Epic Games/4.8/Engine/Content/EditorMaterials/Matinee/MAT_EnableTrack_Mat.uasset' is outside repository
[2015.08.22-20.06.49:741][ 86]SourceControl: Info fatal: A:/Program Files/Epic Games/4.8/Engine/Content/EditorMaterials/MatineeGroups/MAT_ColorTrack.uasset: 'A:/Program Files/Epic Games/4.8/Engine/Content/EditorMaterials/MatineeGroups/MAT_ColorTrack.uasset' is outside repository
[2015.08.22-20.06.49:741][ 86]SourceControl: Info fatal: A:/Program Files/Epic Games/4.8/Engine/Content/EditorMaterials/ParticleSystems/PSysThumbnail_NoImage.uasset: 'A:/Program Files/Epic Games/4.8/Engine/Content/EditorMaterials/ParticleSystems/PSysThumbnail_NoImage.uasset' is outside repository
[2015.08.22-20.06.49:741][ 86]SourceControl: Info fatal: A:/Program Files/Epic Games/4.8/Engine/Content/EditorMaterials/Thumbnails/FloorPlaneMaterial.uasset: 'A:/Program Files/Epic Games/4.8/Engine/Content/EditorMaterials/Thumbnails/FloorPlaneMaterial.uasset' is outside repository
[2015.08.22-20.06.49:741][ 86]SourceControl: Info fatal: A:/Program Files/Epic Games/4.8/Engine/Content/EditorMaterials/Utilities/ImageReflectionPreview.uasset: 'A:/Program Files/Epic Games/4.8/Engine/Content/EditorMaterials/Utilities/ImageReflectionPreview.uasset' is outside repository
[2015.08.22-20.06.49:741][ 86]SourceControl: Info fatal: A:/Program Files/Epic Games/4.8/Engine/Content/EditorMeshes/AnimTreeEd_PreviewFloor.uasset: 'A:/Program Files/Epic Games/4.8/Engine/Content/EditorMeshes/AnimTreeEd_PreviewFloor.uasset' is outside repository
[2015.08.22-20.06.49:741][ 86]SourceControl: Info fatal: A:/Program Files/Epic Games/4.8/Engine/Content/EditorMeshes/Cascade/BackgroundCube.uasset: 'A:/Program Files/Epic Games/4.8/Engine/Content/EditorMeshes/Cascade/BackgroundCube.uasset' is outside repository
[2015.08.22-20.06.49:741][ 86]SourceControl: Info fatal: A:/Program Files/Epic Games/4.8/Engine/Content/EditorMeshes/ColorCalibrator/M_ChromeBall.uasset: 'A:/Program Files/Epic Games/4.8/Engine/Content/EditorMeshes/ColorCalibrator/M_ChromeBall.uasset' is outside repository
[2015.08.22-20.06.49:741][ 86]SourceControl: Info fatal: A:/Program Files/Epic Games/4.8/Engine/Content/EditorMeshes/SkeletalMesh/DefaultSkeletalMesh.uasset: 'A:/Program Files/Epic Games/4.8/Engine/Content/EditorMeshes/SkeletalMesh/DefaultSkeletalMesh.uasset' is outside repository
[2015.08.22-20.06.49:741][ 86]SourceControl: Info fatal: A:/Program Files/Epic Games/4.8/Engine/Content/EditorResources/Ai_Spawnpoint.uasset: 'A:/Program Files/Epic Games/4.8/Engine/Content/EditorResources/Ai_Spawnpoint.uasset' is outside repository
[2015.08.22-20.06.49:741][ 86]SourceControl: Info fatal: A:/Program Files/Epic Games/4.8/Engine/Content/EditorResources/S_Trigger.uasset: 'A:/Program Files/Epic Games/4.8/Engine/Content/EditorResources/S_Trigger.uasset' is outside repository
[2015.08.22-20.06.49:741][ 86]SourceControl: Info fatal: A:/Program Files/Epic Games/4.8/Engine/Content/EditorResources/AI/S_NavLink.uasset: 'A:/Program Files/Epic Games/4.8/Engine/Content/EditorResources/AI/S_NavLink.uasset' is outside repository
[2015.08.22-20.06.49:741][ 86]SourceControl: Info fatal: A:/Program Files/Epic Games/4.8/Engine/Content/EditorResources/AudioIcons/S_Ambient_Sound_Moveable.uasset: 'A:/Program Files/Epic Games/4.8/Engine/Content/EditorResources/AudioIcons/S_Ambient_Sound_Moveable.uasset' is outside repository
[2015.08.22-20.06.49:741][ 86]SourceControl: Info fatal: A:/Program Files/Epic Games/4.8/Engine/Content/EditorResources/Crowd/T_Crowd_Spline.uasset: 'A:/Program Files/Epic Games/4.8/Engine/Content/EditorResources/Crowd/T_Crowd_Spline.uasset' is outside repository
[2015.08.22-20.06.49:741][ 86]SourceControl: Info fatal: A:/Program Files/Epic Games/4.8/Engine/Content/EditorResources/LightIcons/Light_Point_Stationary_Statics.uasset: 'A:/Program Files/Epic Games/4.8/Engine/Content/EditorResources/LightIcons/Light_Point_Stationary_Statics.uasset' is outside repository
[2015.08.22-20.06.49:741][ 86]SourceControl: Info fatal: A:/Program Files/Epic Games/4.8/Engine/Content/EditorResources/Spline/T_Loft_Spline.uasset: 'A:/Program Files/Epic Games/4.8/Engine/Content/EditorResources/Spline/T_Loft_Spline.uasset' is outside repository
[2015.08.22-20.06.49:741][ 86]SourceControl: Info fatal: A:/Program Files/Epic Games/4.8/Engine/Content/EditorShapes/Materials/MI_ShapeInstance.uasset: 'A:/Program Files/Epic Games/4.8/Engine/Content/EditorShapes/Materials/MI_ShapeInstance.uasset' is outside repository
[2015.08.22-20.06.49:741][ 86]SourceControl: Info fatal: A:/Program Files/Epic Games/4.8/Engine/Content/EditorShellMaterials/MI_BaseFlat.uasset: 'A:/Program Files/Epic Games/4.8/Engine/Content/EditorShellMaterials/MI_BaseFlat.uasset' is outside repository
[2015.08.22-20.06.49:741][ 86]SourceControl: Info fatal: A:/Program Files/Epic Games/4.8/Engine/Content/EditorShellMaterials/ManualUVs/MI_BaseGrid_MUV.uasset: 'A:/Program Files/Epic Games/4.8/Engine/Content/EditorShellMaterials/ManualUVs/MI_BaseGrid_MUV.uasset' is outside repository
[2015.08.22-20.06.49:741][ 86]SourceControl: Info fatal: A:/Program Files/Epic Games/4.8/Engine/Content/EditorShellMaterials/SketchUp/MI_BaseGrid_WUV_SketchUp.uasset: 'A:/Program Files/Epic Games/4.8/Engine/Content/EditorShellMaterials/SketchUp/MI_BaseGrid_WUV_SketchUp.uasset' is outside repository
[2015.08.22-20.06.49:741][ 86]SourceControl: Info fatal: A:/Program Files/Epic Games/4.8/Engine/Content/EditorShellMaterials/WorldUVs/MI_BaseGrid_WUV.uasset: 'A:/Program Files/Epic Games/4.8/Engine/Content/EditorShellMaterials/WorldUVs/MI_BaseGrid_WUV.uasset' is outside repository
[2015.08.22-20.06.49:741][ 86]SourceControl: Info fatal: A:/Program Files/Epic Games/4.8/Engine/Content/EditorSounds/GamePreview/EjectFromPlayer.uasset: 'A:/Program Files/Epic Games/4.8/Engine/Content/EditorSounds/GamePreview/EjectFromPlayer.uasset' is outside repository
[2015.08.22-20.06.49:741][ 86]SourceControl: Info fatal: A:/Program Files/Epic Games/4.8/Engine/Content/EditorSounds/Notifications/CompileFailed.uasset: 'A:/Program Files/Epic Games/4.8/Engine/Content/EditorSounds/Notifications/CompileFailed.uasset' is outside repository
[2015.08.22-20.06.49:741][ 86]SourceControl: Info fatal: A:/Program Files/Epic Games/4.8/Engine/Content/EngineAnimNotifies/AnimNotify_PlayParticleEffect.uasset: 'A:/Program Files/Epic Games/4.8/Engine/Content/EngineAnimNotifies/AnimNotify_PlayParticleEffect.uasset' is outside repository
[2015.08.22-20.06.49:741][ 86]SourceControl: Info fatal: A:/Program Files/Epic Games/4.8/Engine/Content/EngineDamageTypes/DmgTypeBP_Environmental.uasset: 'A:/Program Files/Epic Games/4.8/Engine/Content/EngineDamageTypes/DmgTypeBP_Environmental.uasset' is outside repository
[2015.08.22-20.06.49:741][ 86]SourceControl: Info fatal: A:/Program Files/Epic Games/4.8/Engine/Content/EngineDebugMaterials/BlackUnlitMaterial.uasset: 'A:/Program Files/Epic Games/4.8/Engine/Content/EngineDebugMaterials/BlackUnlitMaterial.uasset' is outside repository
[2015.08.22-20.06.49:741][ 86]SourceControl: Info fatal: A:/Program Files/Epic Games/4.8/Engine/Content/EngineDebugMaterials/LightingModels/M_TextureDefinedSpecularReflecti.uasset: 'A:/Program Files/Epic Games/4.8/Engine/Content/EngineDebugMaterials/LightingModels/M_TextureDefinedSpecularReflecti.uasset' is outside repository
[2015.08.22-20.06.49:741][ 86]SourceControl: Info fatal: A:/Program Files/Epic Games/4.8/Engine/Content/EngineFonts/Roboto.uasset: 'A:/Program Files/Epic Games/4.8/Engine/Content/EngineFonts/Roboto.uasset' is outside repository
[2015.08.22-20.06.49:741][ 86]SourceControl: Info fatal: A:/Program Files/Epic Games/4.8/Engine/Content/EngineLightProfiles/180Degree_IES.uasset: 'A:/Program Files/Epic Games/4.8/Engine/Content/EngineLightProfiles/180Degree_IES.uasset' is outside repository
[2015.08.22-20.06.49:741][ 86]SourceControl: Info fatal: A:/Program Files/Epic Games/4.8/Engine/Content/EngineMaterials/AntiAliasedTextMaterialTranslucent.uasset: 'A:/Program Files/Epic Games/4.8/Engine/Content/EngineMaterials/AntiAliasedTextMaterialTranslucent.uasset' is outside repository
[2015.08.22-20.06.49:742][ 86]SourceControl: Info fatal: A:/Program Files/Epic Games/4.8/Engine/Content/EngineMaterials/RandomMirrorDisc.uasset: 'A:/Program Files/Epic Games/4.8/Engine/Content/EngineMaterials/RandomMirrorDisc.uasset' is outside repository
[2015.08.22-20.06.49:742][ 86]SourceControl: Info fatal: A:/Program Files/Epic Games/4.8/Engine/Content/EngineMeshes/BackgroundCube.uasset: 'A:/Program Files/Epic Games/4.8/Engine/Content/EngineMeshes/BackgroundCube.uasset' is outside repository
[2015.08.22-20.06.49:742][ 86]SourceControl: Info fatal: A:/Program Files/Epic Games/4.8/Engine/Content/EngineProduction/ReferenceNormalMap.uasset: 'A:/Program Files/Epic Games/4.8/Engine/Content/EngineProduction/ReferenceNormalMap.uasset' is outside repository
[2015.08.22-20.06.49:742][ 86]SourceControl: Info fatal: A:/Program Files/Epic Games/4.8/Engine/Content/EngineResources/AICON-Green.uasset: 'A:/Program Files/Epic Games/4.8/Engine/Content/EngineResources/AICON-Green.uasset' is outside repository
[2015.08.22-20.06.49:742][ 86]SourceControl: Info fatal: A:/Program Files/Epic Games/4.8/Engine/Content/EngineResources/Cursors/Arrow.uasset: 'A:/Program Files/Epic Games/4.8/Engine/Content/EngineResources/Cursors/Arrow.uasset' is outside repository
[2015.08.22-20.06.49:742][ 86]SourceControl: Info fatal: A:/Program Files/Epic Games/4.8/Engine/Content/EngineSky/BP_Sky_Shere.uasset: 'A:/Program Files/Epic Games/4.8/Engine/Content/EngineSky/BP_Sky_Shere.uasset' is outside repository
[2015.08.22-20.06.49:742][ 86]SourceControl: Info fatal: A:/Program Files/Epic Games/4.8/Engine/Content/EngineSounds/Duck_Normal_Attack_MixMod.uasset: 'A:/Program Files/Epic Games/4.8/Engine/Content/EngineSounds/Duck_Normal_Attack_MixMod.uasset' is outside repository
[2015.08.22-20.06.49:742][ 86]SourceControl: Info fatal: A:/Program Files/Epic Games/4.8/Engine/Content/EngineSounds/ReverbSettings/Alley.uasset: 'A:/Program Files/Epic Games/4.8/Engine/Content/EngineSounds/ReverbSettings/Alley.uasset' is outside repository
[2015.08.22-20.06.49:742][ 86]SourceControl: Info fatal: A:/Program Files/Epic Games/4.8/Engine/Content/EngineTireTypes/DefaultTireType.uasset: 'A:/Program Files/Epic Games/4.8/Engine/Content/EngineTireTypes/DefaultTireType.uasset' is outside repository
[2015.08.22-20.06.49:742][ 86]SourceControl: Info fatal: A:/Program Files/Epic Games/4.8/Engine/Content/EngineVolumetrics/FalloffSphere/Materials/M_EV_FalloffSphere_Master_01.uasset: 'A:/Program Files/Epic Games/4.8/Engine/Content/EngineVolumetrics/FalloffSphere/Materials/M_EV_FalloffSphere_Master_01.uasset' is outside repository
[2015.08.22-20.06.49:742][ 86]SourceControl: Info fatal: A:/Program Files/Epic Games/4.8/Engine/Content/EngineVolumetrics/FalloffSphere/Mesh/S_EV_FalloffSphere_Mesh_01.uasset: 'A:/Program Files/Epic Games/4.8/Engine/Content/EngineVolumetrics/FalloffSphere/Mesh/S_EV_FalloffSphere_Mesh_01.uasset' is outside repository
[2015.08.22-20.06.49:742][ 86]SourceControl: Info fatal: A:/Program Files/Epic Games/4.8/Engine/Content/EngineVolumetrics/FogEnvironment/Materials/M_EV_FogEnvironment_Master_01.uasset: 'A:/Program Files/Epic Games/4.8/Engine/Content/EngineVolumetrics/FogEnvironment/Materials/M_EV_FogEnvironment_Master_01.uasset' is outside repository
[2015.08.22-20.06.49:742][ 86]SourceControl: Info fatal: A:/Program Files/Epic Games/4.8/Engine/Content/EngineVolumetrics/FogEnvironment/Mesh/S_EV_FogEnvironment_01_Mesh.uasset: 'A:/Program Files/Epic Games/4.8/Engine/Content/EngineVolumetrics/FogEnvironment/Mesh/S_EV_FogEnvironment_01_Mesh.uasset' is outside repository
[2015.08.22-20.06.49:742][ 86]SourceControl: Info fatal: A:/Program Files/Epic Games/4.8/Engine/Content/EngineVolumetrics/Fogsheet/T_EV_Fogsheet_FlareColors_01.uasset: 'A:/Program Files/Epic Games/4.8/Engine/Content/EngineVolumetrics/Fogsheet/T_EV_Fogsheet_FlareColors_01.uasset' is outside repository
[2015.08.22-20.06.49:742][ 86]SourceControl: Info fatal: A:/Program Files/Epic Games/4.8/Engine/Content/EngineVolumetrics/Fogsheet/Materials/M_EV_FogSheet_1sided_Master_01.uasset: 'A:/Program Files/Epic Games/4.8/Engine/Content/EngineVolumetrics/Fogsheet/Materials/M_EV_FogSheet_1sided_Master_01.uasset' is outside repository
[2015.08.22-20.06.49:742][ 86]SourceControl: Info fatal: A:/Program Files/Epic Games/4.8/Engine/Content/EngineVolumetrics/Fogsheet/Mesh/MI_Fogsheet_HideClose.uasset: 'A:/Program Files/Epic Games/4.8/Engine/Content/EngineVolumetrics/Fogsheet/Mesh/MI_Fogsheet_HideClose.uasset' is outside repository
[2015.08.22-20.06.49:742][ 86]SourceControl: Info fatal: A:/Program Files/Epic Games/4.8/Engine/Content/EngineVolumetrics/LightBeam/Materials/M_EV_Lightbeam_Master_01.uasset: 'A:/Program Files/Epic Games/4.8/Engine/Content/EngineVolumetrics/LightBeam/Materials/M_EV_Lightbeam_Master_01.uasset' is outside repository
[2015.08.22-20.06.49:742][ 86]SourceControl: Info fatal: A:/Program Files/Epic Games/4.8/Engine/Content/EngineVolumetrics/LightBeam/Mesh/S_EV_SimpleLightBeam_01.uasset: 'A:/Program Files/Epic Games/4.8/Engine/Content/EngineVolumetrics/LightBeam/Mesh/S_EV_SimpleLightBeam_01.uasset' is outside repository
[2015.08.22-20.06.49:742][ 86]SourceControl: Info fatal: A:/Program Files/Epic Games/4.8/Engine/Content/Engine_MI_Shaders/MI_Shader_BaseTileEx.uasset: 'A:/Program Files/Epic Games/4.8/Engine/Content/Engine_MI_Shaders/MI_Shader_BaseTileEx.uasset' is outside repository
[2015.08.22-20.06.49:742][ 86]SourceControl: Info fatal: A:/Program Files/Epic Games/4.8/Engine/Content/Engine_MI_Shaders/Instances/M_ES_Phong_Opaque_INST_01.uasset: 'A:/Program Files/Epic Games/4.8/Engine/Content/Engine_MI_Shaders/Instances/M_ES_Phong_Opaque_INST_01.uasset' is outside repository
[2015.08.22-20.06.49:742][ 86]SourceControl: Info fatal: A:/Program Files/Epic Games/4.8/Engine/Content/Engine_MI_Shaders/Textures/Bokeh.uasset: 'A:/Program Files/Epic Games/4.8/Engine/Content/Engine_MI_Shaders/Textures/Bokeh.uasset' is outside repository
[2015.08.22-20.06.49:742][ 86]SourceControl: Info fatal: A:/Program Files/Epic Games/4.8/Engine/Content/FunctionalTesting/Blueprints/AITesting_MoveGoal.uasset: 'A:/Program Files/Epic Games/4.8/Engine/Content/FunctionalTesting/Blueprints/AITesting_MoveGoal.uasset' is outside repository
[2015.08.22-20.06.49:742][ 86]SourceControl: Info fatal: A:/Program Files/Epic Games/4.8/Engine/Content/Functions/Engine_MaterialFunctions01/AlphaBlend/World_Aligned_Blend.uasset: 'A:/Program Files/Epic Games/4.8/Engine/Content/Functions/Engine_MaterialFunctions01/AlphaBlend/World_Aligned_Blend.uasset' is outside repository
[2015.08.22-20.06.49:742][ 86]SourceControl: Info fatal: A:/Program Files/Epic Games/4.8/Engine/Content/Functions/Engine_MaterialFunctions01/Coordinates/UVRemap_0-1_ToRange.uasset: 'A:/Program Files/Epic Games/4.8/Engine/Content/Functions/Engine_MaterialFunctions01/Coordinates/UVRemap_0-1_ToRange.uasset' is outside repository
[2015.08.22-20.06.49:742][ 86]SourceControl: Info fatal: A:/Program Files/Epic Games/4.8/Engine/Content/Functions/Engine_MaterialFunctions01/Debug/FunctionGraphSetup.uasset: 'A:/Program Files/Epic Games/4.8/Engine/Content/Functions/Engine_MaterialFunctions01/Debug/FunctionGraphSetup.uasset' is outside repository
[2015.08.22-20.06.49:742][ 86]SourceControl: Info fatal: A:/Program Files/Epic Games/4.8/Engine/Content/Functions/Engine_MaterialFunctions01/Density/ExponentialDensity.uasset: 'A:/Program Files/Epic Games/4.8/Engine/Content/Functions/Engine_MaterialFunctions01/Density/ExponentialDensity.uasset' is outside repository
[2015.08.22-20.06.49:742][ 86]SourceControl: Info fatal: A:/Program Files/Epic Games/4.8/Engine/Content/Functions/Engine_MaterialFunctions01/Gradient/DiamondGradient.uasset: 'A:/Program Files/Epic Games/4.8/Engine/Content/Functions/Engine_MaterialFunctions01/Gradient/DiamondGradient.uasset' is outside repository
[2015.08.22-20.06.49:742][ 86]SourceControl: Info fatal: A:/Program Files/Epic Games/4.8/Engine/Content/Functions/Engine_MaterialFunctions01/ImageAdjustment/3ColorBlend.uasset: 'A:/Program Files/Epic Games/4.8/Engine/Content/Functions/Engine_MaterialFunctions01/ImageAdjustment/3ColorBlend.uasset' is outside repository
[2015.08.22-20.06.49:742][ 86]SourceControl: Info fatal: A:/Program Files/Epic Games/4.8/Engine/Content/Functions/Engine_MaterialFunctions01/Lighting/PixelDepthOffset_Foliage.uasset: 'A:/Program Files/Epic Games/4.8/Engine/Content/Functions/Engine_MaterialFunctions01/Lighting/PixelDepthOffset_Foliage.uasset' is outside repository
[2015.08.22-20.06.49:742][ 86]SourceControl: Info fatal: A:/Program Files/Epic Games/4.8/Engine/Content/Functions/Engine_MaterialFunctions01/Opacity/AlphaOffset.uasset: 'A:/Program Files/Epic Games/4.8/Engine/Content/Functions/Engine_MaterialFunctions01/Opacity/AlphaOffset.uasset' is outside repository
[2015.08.22-20.06.49:742][ 86]SourceControl: Info fatal: A:/Program Files/Epic Games/4.8/Engine/Content/Functions/Engine_MaterialFunctions01/Reflections/ReflectionVectorSoft.uasset: 'A:/Program Files/Epic Games/4.8/Engine/Content/Functions/Engine_MaterialFunctions01/Reflections/ReflectionVectorSoft.uasset' is outside repository
[2015.08.22-20.06.49:742][ 86]SourceControl: Info fatal: A:/Program Files/Epic Games/4.8/Engine/Content/Functions/Engine_MaterialFunctions01/Shading/ConvertFromDiffSpec.uasset: 'A:/Program Files/Epic Games/4.8/Engine/Content/Functions/Engine_MaterialFunctions01/Shading/ConvertFromDiffSpec.uasset' is outside repository
[2015.08.22-20.06.49:742][ 86]SourceControl: Info fatal: A:/Program Files/Epic Games/4.8/Engine/Content/Functions/Engine_MaterialFunctions01/SpeedTree/SpeedTreeColorVariation.uasset: 'A:/Program Files/Epic Games/4.8/Engine/Content/Functions/Engine_MaterialFunctions01/SpeedTree/SpeedTreeColorVariation.uasset' is outside repository
[2015.08.22-20.06.49:742][ 86]SourceControl: Info fatal: A:/Program Files/Epic Games/4.8/Engine/Content/Functions/Engine_MaterialFunctions01/Texturing/BakedDisplacement.uasset: 'A:/Program Files/Epic Games/4.8/Engine/Content/Functions/Engine_MaterialFunctions01/Texturing/BakedDisplacement.uasset' is outside repository
[2015.08.22-20.06.49:742][ 86]SourceControl: Info fatal: A:/Program Files/Epic Games/4.8/Engine/Content/Functions/Engine_MaterialFunctions01/Vectors/MF_RotateVector_90.uasset: 'A:/Program Files/Epic Games/4.8/Engine/Content/Functions/Engine_MaterialFunctions01/Vectors/MF_RotateVector_90.uasset' is outside repository
[2015.08.22-20.06.49:743][ 86]SourceControl: Info fatal: A:/Program Files/Epic Games/4.8/Engine/Content/Functions/Engine_MaterialFunctions01/WorldPositionOffset/ConstantScalebyDistance.uasset: 'A:/Program Files/Epic Games/4.8/Engine/Content/Functions/Engine_MaterialFunctions01/WorldPositionOffset/ConstantScalebyDistance.uasset' is outside repository
[2015.08.22-20.06.49:743][ 86]SourceControl: Info fatal: A:/Program Files/Epic Games/4.8/Engine/Content/Functions/Engine_MaterialFunctions02/3PointLevels.uasset: 'A:/Program Files/Epic Games/4.8/Engine/Content/Functions/Engine_MaterialFunctions02/3PointLevels.uasset' is outside repository
[2015.08.22-20.06.49:743][ 86]SourceControl: Info fatal: A:/Program Files/Epic Games/4.8/Engine/Content/Functions/Engine_MaterialFunctions02/ExampleContent/3dParticleOpacityInstance.uasset: 'A:/Program Files/Epic Games/4.8/Engine/Content/Functions/Engine_MaterialFunctions02/ExampleContent/3dParticleOpacityInstance.uasset' is outside repository
[2015.08.22-20.06.49:743][ 86]SourceControl: Info fatal: A:/Program Files/Epic Games/4.8/Engine/Content/Functions/Engine_MaterialFunctions02/ExampleContent/MacroUVs/MacroUVs.uasset: 'A:/Program Files/Epic Games/4.8/Engine/Content/Functions/Engine_MaterialFunctions02/ExampleContent/MacroUVs/MacroUVs.uasset' is outside repository
[2015.08.22-20.06.49:743][ 86]SourceControl: Info fatal: A:/Program Files/Epic Games/4.8/Engine/Content/Functions/Engine_MaterialFunctions02/ExampleContent/TextureBasedWPO/DemoBox.uasset: 'A:/Program Files/Epic Games/4.8/Engine/Content/Functions/Engine_MaterialFunctions02/ExampleContent/TextureBasedWPO/DemoBox.uasset' is outside repository
[2015.08.22-20.06.49:743][ 86]SourceControl: Info fatal: A:/Program Files/Epic Games/4.8/Engine/Content/Functions/Engine_MaterialFunctions02/ExampleContent/Textures/DebugNumberPeriod.uasset: 'A:/Program Files/Epic Games/4.8/Engine/Content/Functions/Engine_MaterialFunctions02/ExampleContent/Textures/DebugNumberPeriod.uasset' is outside repository
[2015.08.22-20.06.49:743][ 86]SourceControl: Info fatal: A:/Program Files/Epic Games/4.8/Engine/Content/Functions/Engine_MaterialFunctions02/Gradients/GradientMap_Multi.uasset: 'A:/Program Files/Epic Games/4.8/Engine/Content/Functions/Engine_MaterialFunctions02/Gradients/GradientMap_Multi.uasset' is outside repository
[2015.08.22-20.06.49:743][ 86]SourceControl: Info fatal: A:/Program Files/Epic Games/4.8/Engine/Content/Functions/Engine_MaterialFunctions02/Math/AddComponents.uasset: 'A:/Program Files/Epic Games/4.8/Engine/Content/Functions/Engine_MaterialFunctions02/Math/AddComponents.uasset' is outside repository
[2015.08.22-20.06.49:743][ 86]SourceControl: Info fatal: A:/Program Files/Epic Games/4.8/Engine/Content/Functions/Engine_MaterialFunctions02/MAXScripts/MeshSequenceFlipbook_Script.uasset: 'A:/Program Files/Epic Games/4.8/Engine/Content/Functions/Engine_MaterialFunctions02/MAXScripts/MeshSequenceFlipbook_Script.uasset' is outside repository
[2015.08.22-20.06.49:743][ 86]SourceControl: Info fatal: A:/Program Files/Epic Games/4.8/Engine/Content/Functions/Engine_MaterialFunctions02/Normals/RotateNormalWhileMasking.uasset: 'A:/Program Files/Epic Games/4.8/Engine/Content/Functions/Engine_MaterialFunctions02/Normals/RotateNormalWhileMasking.uasset' is outside repository
[2015.08.22-20.06.49:743][ 86]SourceControl: Info fatal: A:/Program Files/Epic Games/4.8/Engine/Content/Functions/Engine_MaterialFunctions02/NotInUse/WorldAlignedNormals_HighQuality_optimizationAttempt.uasset: 'A:/Program Files/Epic Games/4.8/Engine/Content/Functions/Engine_MaterialFunctions02/NotInUse/WorldAlignedNormals_HighQuality_optimizationAttempt.uasset' is outside repository
[2015.08.22-20.06.49:743][ 86]SourceControl: Info fatal: A:/Program Files/Epic Games/4.8/Engine/Content/Functions/Engine_MaterialFunctions02/PivotPainter/PivotPainter_HierarchyData.uasset: 'A:/Program Files/Epic Games/4.8/Engine/Content/Functions/Engine_MaterialFunctions02/PivotPainter/PivotPainter_HierarchyData.uasset' is outside repository
[2015.08.22-20.06.49:743][ 86]SourceControl: Info fatal: A:/Program Files/Epic Games/4.8/Engine/Content/Functions/Engine_MaterialFunctions02/Texturing/3dParticleOpacity.uasset: 'A:/Program Files/Epic Games/4.8/Engine/Content/Functions/Engine_MaterialFunctions02/Texturing/3dParticleOpacity.uasset' is outside repository
[2015.08.22-20.06.49:743][ 86]SourceControl: Info fatal: A:/Program Files/Epic Games/4.8/Engine/Content/Functions/Engine_MaterialFunctions02/Utility/BlendAngleCorrectedNormals.uasset: 'A:/Program Files/Epic Games/4.8/Engine/Content/Functions/Engine_MaterialFunctions02/Utility/BlendAngleCorrectedNormals.uasset' is outside repository
[2015.08.22-20.06.49:743][ 86]SourceControl: Info fatal: A:/Program Files/Epic Games/4.8/Engine/Content/Functions/Engine_MaterialFunctions02/UVs/BoundingBoxBased_0-1_UVW.uasset: 'A:/Program Files/Epic Games/4.8/Engine/Content/Functions/Engine_MaterialFunctions02/UVs/BoundingBoxBased_0-1_UVW.uasset' is outside repository
[2015.08.22-20.06.49:743][ 86]SourceControl: Info fatal: A:/Program Files/Epic Games/4.8/Engine/Content/Functions/Engine_MaterialFunctions02/WorldPositionOffset/AdjustNormalsToCompensateForRotateAboutAxisOffset.uasset: 'A:/Program Files/Epic Games/4.8/Engine/Content/Functions/Engine_MaterialFunctions02/WorldPositionOffset/AdjustNormalsToCompensateForRotateAboutAxisOffset.uasset' is outside repository
[2015.08.22-20.06.49:743][ 86]SourceControl: Info fatal: A:/Program Files/Epic Games/4.8/Engine/Content/Functions/Engine_MaterialFunctions03/Blends/Blend_ColorBurn.uasset: 'A:/Program Files/Epic Games/4.8/Engine/Content/Functions/Engine_MaterialFunctions03/Blends/Blend_ColorBurn.uasset' is outside repository
[2015.08.22-20.06.49:743][ 86]SourceControl: Info fatal: A:/Program Files/Epic Games/4.8/Engine/Content/Functions/Engine_MaterialFunctions03/ComplexMotion/Motion_4WayChaos.uasset: 'A:/Program Files/Epic Games/4.8/Engine/Content/Functions/Engine_MaterialFunctions03/ComplexMotion/Motion_4WayChaos.uasset' is outside repository
[2015.08.22-20.06.49:743][ 86]SourceControl: Info fatal: A:/Program Files/Epic Games/4.8/Engine/Content/Functions/Engine_MaterialFunctions03/Particles/Distance_Blend.uasset: 'A:/Program Files/Epic Games/4.8/Engine/Content/Functions/Engine_MaterialFunctions03/Particles/Distance_Blend.uasset' is outside repository
[2015.08.22-20.06.49:743][ 86]SourceControl: Info fatal: A:/Program Files/Epic Games/4.8/Engine/Content/Functions/Engine_MaterialFunctions03/Procedurals/ComputeFilterWidth.uasset: 'A:/Program Files/Epic Games/4.8/Engine/Content/Functions/Engine_MaterialFunctions03/Procedurals/ComputeFilterWidth.uasset' is outside repository
[2015.08.22-20.06.49:743][ 86]SourceControl: Info fatal: A:/Program Files/Epic Games/4.8/Engine/Content/Functions/Engine_MaterialFunctions03/Texturing/CameraWorldBlend.uasset: 'A:/Program Files/Epic Games/4.8/Engine/Content/Functions/Engine_MaterialFunctions03/Texturing/CameraWorldBlend.uasset' is outside repository
[2015.08.22-20.06.49:743][ 86]SourceControl: Info fatal: A:/Program Files/Epic Games/4.8/Engine/Content/Functions/GetPostProcessFunctions/GetAmbientCubemapIntensity.uasset: 'A:/Program Files/Epic Games/4.8/Engine/Content/Functions/GetPostProcessFunctions/GetAmbientCubemapIntensity.uasset' is outside repository
[2015.08.22-20.06.49:743][ 86]SourceControl: Info fatal: A:/Program Files/Epic Games/4.8/Engine/Content/Functions/MaterialLayerFunctions/MatLayerBlend_AddWorldPositionOffset.uasset: 'A:/Program Files/Epic Games/4.8/Engine/Content/Functions/MaterialLayerFunctions/MatLayerBlend_AddWorldPositionOffset.uasset' is outside repository
[2015.08.22-20.06.49:743][ 86]SourceControl: Info fatal: A:/Program Files/Epic Games/4.8/Engine/Content/Maps/Entry.umap: 'A:/Program Files/Epic Games/4.8/Engine/Content/Maps/Entry.umap' is outside repository
[2015.08.22-20.06.49:743][ 86]SourceControl: Info fatal: A:/Program Files/Epic Games/4.8/Engine/Content/Maps/Templates/Template_Default.umap: 'A:/Program Files/Epic Games/4.8/Engine/Content/Maps/Templates/Template_Default.umap' is outside repository
[2015.08.22-20.06.49:743][ 86]SourceControl: Info fatal: A:/Program Files/Epic Games/4.8/Engine/Content/Maps/Templates/Thumbnails/Default.uasset: 'A:/Program Files/Epic Games/4.8/Engine/Content/Maps/Templates/Thumbnails/Default.uasset' is outside repository
[2015.08.22-20.06.49:743][ 86]SourceControl: Info fatal: A:/Program Files/Epic Games/4.8/Engine/Content/MapTemplates/Bokeh_5Sides.uasset: 'A:/Program Files/Epic Games/4.8/Engine/Content/MapTemplates/Bokeh_5Sides.uasset' is outside repository
[2015.08.22-20.06.49:743][ 86]SourceControl: Info fatal: A:/Program Files/Epic Games/4.8/Engine/Content/MapTemplates/lut/LUT_Afternoon.uasset: 'A:/Program Files/Epic Games/4.8/Engine/Content/MapTemplates/lut/LUT_Afternoon.uasset' is outside repository
[2015.08.22-20.06.49:743][ 86]SourceControl: Info fatal: A:/Program Files/Epic Games/4.8/Engine/Content/MapTemplates/Materials/BasicAsset01.uasset: 'A:/Program Files/Epic Games/4.8/Engine/Content/MapTemplates/Materials/BasicAsset01.uasset' is outside repository
[2015.08.22-20.06.49:743][ 86]SourceControl: Info fatal: A:/Program Files/Epic Games/4.8/Engine/Content/MapTemplates/Sky/DaylightAmbientCubemap.uasset: 'A:/Program Files/Epic Games/4.8/Engine/Content/MapTemplates/Sky/DaylightAmbientCubemap.uasset' is outside repository
[2015.08.22-20.06.49:743][ 86]SourceControl: Info fatal: A:/Program Files/Epic Games/4.8/Engine/Content/MaterialTemplates/Gradients/Gradient_Linear.uasset: 'A:/Program Files/Epic Games/4.8/Engine/Content/MaterialTemplates/Gradients/Gradient_Linear.uasset' is outside repository
[2015.08.22-20.06.49:743][ 86]SourceControl: Info fatal: A:/Program Files/Epic Games/4.8/Engine/Content/MaterialTemplates/PerfTricks/MultiChannelMask.uasset: 'A:/Program Files/Epic Games/4.8/Engine/Content/MaterialTemplates/PerfTricks/MultiChannelMask.uasset' is outside repository
[2015.08.22-20.06.49:743][ 86]SourceControl: Info fatal: A:/Program Files/Epic Games/4.8/Engine/Content/MaterialTemplates/Textures/T_multiMask.uasset: 'A:/Program Files/Epic Games/4.8/Engine/Content/MaterialTemplates/Textures/T_multiMask.uasset' is outside repository
[2015.08.22-20.06.49:743][ 86]SourceControl: Info fatal: A:/Program Files/Epic Games/4.8/Engine/Content/MaterialTemplates/VertexAnimation/AdvancedFlag.uasset: 'A:/Program Files/Epic Games/4.8/Engine/Content/MaterialTemplates/VertexAnimation/AdvancedFlag.uasset' is outside repository
[2015.08.22-20.06.49:744][ 86]SourceControl: Info fatal: A:/Program Files/Epic Games/4.8/Engine/Content/MobileResources/T_MobileControls_texture.uasset: 'A:/Program Files/Epic Games/4.8/Engine/Content/MobileResources/T_MobileControls_texture.uasset' is outside repository
[2015.08.22-20.06.49:744][ 86]SourceControl: Info fatal: A:/Program Files/Epic Games/4.8/Engine/Content/MobileResources/HUD/AnalogHat.uasset: 'A:/Program Files/Epic Games/4.8/Engine/Content/MobileResources/HUD/AnalogHat.uasset' is outside repository
[2015.08.22-20.06.49:744][ 86]SourceControl: Info fatal: A:/Program Files/Epic Games/4.8/Engine/Content/TemplateResources/MI_Template_BaseBlue.uasset: 'A:/Program Files/Epic Games/4.8/Engine/Content/TemplateResources/MI_Template_BaseBlue.uasset' is outside repository
[2015.08.22-20.06.49:744][ 86]SourceControl: Info fatal: A:/Program Files/Epic Games/4.8/Engine/Content/Tutorial/ContentIntroCurve.uasset: 'A:/Program Files/Epic Games/4.8/Engine/Content/Tutorial/ContentIntroCurve.uasset' is outside repository
[2015.08.22-20.06.49:744][ 86]SourceControl: Info fatal: A:/Program Files/Epic Games/4.8/Engine/Content/Tutorial/Audio/Audience.uasset: 'A:/Program Files/Epic Games/4.8/Engine/Content/Tutorial/Audio/Audience.uasset' is outside repository
[2015.08.22-20.06.49:744][ 86]SourceControl: Info fatal: A:/Program Files/Epic Games/4.8/Engine/Content/Tutorial/Basics/ContentBrowserOverview.uasset: 'A:/Program Files/Epic Games/4.8/Engine/Content/Tutorial/Basics/ContentBrowserOverview.uasset' is outside repository
[2015.08.22-20.06.49:744][ 86]SourceControl: Info fatal: A:/Program Files/Epic Games/4.8/Engine/Content/Tutorial/Basics/TutorialAssets/CameraActor_64x.uasset: 'A:/Program Files/Epic Games/4.8/Engine/Content/Tutorial/Basics/TutorialAssets/CameraActor_64x.uasset' is outside repository
[2015.08.22-20.06.49:744][ 86]SourceControl: Info fatal: A:/Program Files/Epic Games/4.8/Engine/Content/Tutorial/BlueprintTutorials/BlueprintEditorTutorial.uasset: 'A:/Program Files/Epic Games/4.8/Engine/Content/Tutorial/BlueprintTutorials/BlueprintEditorTutorial.uasset' is outside repository
[2015.08.22-20.06.49:744][ 86]SourceControl: Info fatal: A:/Program Files/Epic Games/4.8/Engine/Content/Tutorial/BlueprintTutorials/TutorialAssets/BlueprintFunctionLibrary_64x.uasset: 'A:/Program Files/Epic Games/4.8/Engine/Content/Tutorial/BlueprintTutorials/TutorialAssets/BlueprintFunctionLibrary_64x.uasset' is outside repository
[2015.08.22-20.06.49:744][ 86]SourceControl: Info fatal: A:/Program Files/Epic Games/4.8/Engine/Content/Tutorial/Code/AddingCode.uasset: 'A:/Program Files/Epic Games/4.8/Engine/Content/Tutorial/Code/AddingCode.uasset' is outside repository
[2015.08.22-20.06.49:744][ 86]SourceControl: Info fatal: A:/Program Files/Epic Games/4.8/Engine/Content/Tutorial/Foliage/FoliageWalkThrough.uasset: 'A:/Program Files/Epic Games/4.8/Engine/Content/Tutorial/Foliage/FoliageWalkThrough.uasset' is outside repository
[2015.08.22-20.06.49:744][ 86]SourceControl: Info fatal: A:/Program Files/Epic Games/4.8/Engine/Content/Tutorial/Foliage/TutorialAssets/Foliage.uasset: 'A:/Program Files/Epic Games/4.8/Engine/Content/Tutorial/Foliage/TutorialAssets/Foliage.uasset' is outside repository
[2015.08.22-20.06.49:744][ 86]SourceControl: Info fatal: A:/Program Files/Epic Games/4.8/Engine/Content/Tutorial/Installation/InstallingVisualStudioTutorial.uasset: 'A:/Program Files/Epic Games/4.8/Engine/Content/Tutorial/Installation/InstallingVisualStudioTutorial.uasset' is outside repository
[2015.08.22-20.06.49:744][ 86]SourceControl: Info fatal: A:/Program Files/Epic Games/4.8/Engine/Content/Tutorial/InWorldBlueprintEditing/IWBE_Tutorial.uasset: 'A:/Program Files/Epic Games/4.8/Engine/Content/Tutorial/InWorldBlueprintEditing/IWBE_Tutorial.uasset' is outside repository
[2015.08.22-20.06.49:744][ 86]SourceControl: Info fatal: A:/Program Files/Epic Games/4.8/Engine/Content/Tutorial/InWorldBlueprintEditing/TutorialAssets/IWBE_Blutility.uasset: 'A:/Program Files/Epic Games/4.8/Engine/Content/Tutorial/InWorldBlueprintEditing/TutorialAssets/IWBE_Blutility.uasset' is outside repository
[2015.08.22-20.06.49:744][ 86]SourceControl: Info fatal: A:/Program Files/Epic Games/4.8/Engine/Content/Tutorial/Landscape/LandscapeWalkThrough.uasset: 'A:/Program Files/Epic Games/4.8/Engine/Content/Tutorial/Landscape/LandscapeWalkThrough.uasset' is outside repository
[2015.08.22-20.06.49:744][ 86]SourceControl: Info fatal: A:/Program Files/Epic Games/4.8/Engine/Content/Tutorial/Landscape/TutorialAssets/Landscape.uasset: 'A:/Program Files/Epic Games/4.8/Engine/Content/Tutorial/Landscape/TutorialAssets/Landscape.uasset' is outside repository
[2015.08.22-20.06.49:744][ 86]SourceControl: Info fatal: A:/Program Files/Epic Games/4.8/Engine/Content/Tutorial/Mobile/CreatingSigningCertAndProvisionTutorial.uasset: 'A:/Program Files/Epic Games/4.8/Engine/Content/Tutorial/Mobile/CreatingSigningCertAndProvisionTutorial.uasset' is outside repository
[2015.08.22-20.06.49:744][ 86]SourceControl: Info fatal: A:/Program Files/Epic Games/4.8/Engine/Content/Tutorial/Mobile/TutorialAssets/android_Icon.uasset: 'A:/Program Files/Epic Games/4.8/Engine/Content/Tutorial/Mobile/TutorialAssets/android_Icon.uasset' is outside repository
[2015.08.22-20.06.49:744][ 86]SourceControl: Info fatal: A:/Program Files/Epic Games/4.8/Engine/Content/Tutorial/Paper2D/FlipbookEditorTutorial.uasset: 'A:/Program Files/Epic Games/4.8/Engine/Content/Tutorial/Paper2D/FlipbookEditorTutorial.uasset' is outside repository
[2015.08.22-20.06.49:744][ 86]SourceControl: Info fatal: A:/Program Files/Epic Games/4.8/Engine/Content/Tutorial/Paper2D/TutorialAssets/Paper2DFlipbook_TutorialIcon.uasset: 'A:/Program Files/Epic Games/4.8/Engine/Content/Tutorial/Paper2D/TutorialAssets/Paper2DFlipbook_TutorialIcon.uasset' is outside repository
[2015.08.22-20.06.49:744][ 86]SourceControl: Info fatal: A:/Program Files/Epic Games/4.8/Engine/Content/Tutorial/SubEditors/DestructibleMeshEditorTutorial.uasset: 'A:/Program Files/Epic Games/4.8/Engine/Content/Tutorial/SubEditors/DestructibleMeshEditorTutorial.uasset' is outside repository
[2015.08.22-20.06.49:744][ 86]SourceControl: Info fatal: A:/Program Files/Epic Games/4.8/Engine/Content/Tutorial/SubEditors/TutorialAssets/android_Icon.uasset: 'A:/Program Files/Epic Games/4.8/Engine/Content/Tutorial/SubEditors/TutorialAssets/android_Icon.uasset' is outside repository
[2015.08.22-20.06.49:744][ 86]SourceControl: Info fatal: A:/Program Files/Epic Games/4.8/Engine/Content/Tutorial/SubEditors/TutorialAssets/Character/NewBlendSpace1D.uasset: 'A:/Program Files/Epic Games/4.8/Engine/Content/Tutorial/SubEditors/TutorialAssets/Character/NewBlendSpace1D.uasset' is outside repository
[2015.08.22-20.06.49:744][ 86]SourceControl: Info fatal: A:/Program Files/Epic Games/4.8/Engine/Plugins/2D/Paper2D/Content/DefaultLitSpriteMaterial.uasset: 'A:/Program Files/Epic Games/4.8/Engine/Plugins/2D/Paper2D/Content/DefaultLitSpriteMaterial.uasset' is outside repository
[2015.08.22-20.06.49:744][ 86]SourceControl: Info fatal: A:/Program Files/Epic Games/4.8/Engine/Plugins/2D/Paper2D/Content/PlaceholderTextures/DummySpriteTexture.uasset: 'A:/Program Files/Epic Games/4.8/Engine/Plugins/2D/Paper2D/Content/PlaceholderTextures/DummySpriteTexture.uasset' is outside repository
[2015.08.22-20.06.49:744][ 86]SourceControl: Info fatal: A:/Program Files/Epic Games/4.8/Engine/Plugins/Runtime/LeapMotionController/Content/LM_CapsuleMesh.uasset: 'A:/Program Files/Epic Games/4.8/Engine/Plugins/Runtime/LeapMotionController/Content/LM_CapsuleMesh.uasset' is outside repository
[2015.08.22-20.06.49:744][ 86]SourceControl: Info fatal: A:/Program Files/Epic Games/4.8/Engine/Content/: 'A:/Program Files/Epic Games/4.8/Engine/Content/' is outside repository
[2015.08.22-20.06.49:911][ 86]LogD3D11RHI: InitD3DDevice
[2015.08.22-20.15.28:112][648]LogD3D11RHI: InitD3DDevice
[2015.08.22-20.15.29:506][811]LogD3D11RHI: InitD3DDevice
[2015.08.22-20.15.30:228][892]LogD3D11RHI: InitD3DDevice
[2015.08.22-20.15.31:849][ 79]LogD3D11RHI: InitD3DDevice
[2015.08.22-20.15.31:999][ 94]LogD3D11RHI: InitD3DDevice
[2015.08.22-20.15.33:280][244]LogD3D11RHI: InitD3DDevice
[2015.08.22-20.16.28:622][ 37]LogD3D11RHI: InitD3DDevice
[2015.08.22-20.16.30:717][277]LogD3D11RHI: InitD3DDevice
[2015.08.22-20.17.01:060][812]SourceControl: Info On branch master
[2015.08.22-20.17.01:060][812]SourceControl: Info Initial commit
[2015.08.22-20.17.01:060][812]SourceControl: Info Changes to be committed:
[2015.08.22-20.17.01:060][812]SourceControl: Info   (use "git rm --cached <file>..." to unstage)
[2015.08.22-20.17.01:060][812]SourceControl: Info 	new file:   .gitignore
[2015.08.22-20.17.01:060][812]SourceControl: Info 	new file:   Config/DefaultEditor.ini
[2015.08.22-20.17.01:060][812]SourceControl: Info 	new file:   Config/DefaultEditorPerProjectUserSettings.ini
[2015.08.22-20.17.01:060][812]SourceControl: Info 	new file:   Config/DefaultEngine.ini
[2015.08.22-20.17.01:060][812]SourceControl: Info 	new file:   Config/DefaultGame.ini
[2015.08.22-20.17.01:060][812]SourceControl: Info 	new file:   Config/DefaultInput.ini
[2015.08.22-20.17.01:060][812]SourceControl: Info 	new file:   Limb.uproject
[2015.08.22-20.17.01:060][812]SourceControl: Info Untracked files:
[2015.08.22-20.17.01:061][812]SourceControl: Info   (use "git add <file>..." to include in what will be committed)
[2015.08.22-20.17.01:061][812]SourceControl: Info 	Build/
[2015.08.22-20.17.01:061][812]SourceControl: Info 	Content/
[2015.08.22-20.17.01:070][812]LogD3D11RHI: InitD3DDevice
[2015.08.22-20.17.16:464][ 80]LogD3D11RHI: InitD3DDevice
[2015.08.22-20.17.21:141][639]LogD3D11RHI: InitD3DDevice
[2015.08.22-20.17.28:759][538]LogD3D11RHI: InitD3DDevice
[2015.08.22-20.17.29:517][627]LogD3D11RHI: InitD3DDevice
[2015.08.22-20.17.31:340][844]SourceControl: Info Source control is disabled
[2015.08.22-20.17.34:334][203]LogEditorViewport: Clicking on Actor (context menu): StaticMeshActor (TemplateCube_Rounded_16)
[2015.08.22-20.17.34:372][203]LogD3D11RHI: InitD3DDevice
[2015.08.22-20.17.35:128][277]LogEditorViewport: Clicking on Actor (LMB): StaticMeshActor (Ground_5)
[2015.08.22-20.17.35:782][349]LogEditorViewport: Clicking on Actor (LMB): BP_Sky_Sphere_C (SkyShereBlueprint)
[2015.08.22-20.17.38:182][613]LogD3D11RHI: InitD3DDevice
[2015.08.22-20.17.39:217][711]LogD3D11RHI: InitD3DDevice
[2015.08.22-20.17.40:530][856]LogD3D11RHI: InitD3DDevice
[2015.08.22-20.17.51:958][ 92]LogEditorViewport: Clicking on Actor (LMB): StaticMeshActor (TemplateCube_Rounded_100)
[2015.08.22-20.17.54:192][338]SourceControl: Info Source control is disabled
[2015.08.22-20.23.27:633][684]LogWindowsTextInputMethodSystem:Display: IME system now deactivated.
[2015.08.22-20.23.27:901][685]Cmd: QUIT_EDITOR
[2015.08.22-20.23.29:024][685]LogExit: Preparing to exit.
[2015.08.22-20.23.29:598][685]LogExit: Editor shut down
[2015.08.22-20.23.29:600][685]LogExit: Transaction tracking system shut down
[2015.08.22-20.23.29:602][685]LogParticles: Destroying 0 GPU particle simulations for FXSystem 0x0000006E880CBF60
[2015.08.22-20.23.29:611][685]LogParticles: Destroying 0 GPU particle simulations for FXSystem 0x0000006EB53639C0
[2015.08.22-20.23.30:131][685]LogParticles: Destroying 0 GPU particle simulations for FXSystem 0x0000006EB55EA700
[2015.08.22-20.23.30:131][685]LogParticles: Destroying 0 GPU particle simulations for FXSystem 0x0000006E87C2BA60
[2015.08.22-20.23.30:131][685]LogParticles: Destroying 0 GPU particle simulations for FXSystem 0x0000006E87C2B380
[2015.08.22-20.23.30:131][685]LogExit: Object subsystem successfully closed.
[2015.08.22-20.23.30:258][685]LogD3D11RHI: Shutdown
[2015.08.22-20.23.30:258][685]LogD3D11RHI: CleanupD3DDevice
[2015.08.22-20.23.30:345][685]LogD3D11RHI: ~FD3D11DynamicRHI
[2015.08.22-20.23.30:368][685]LogModuleManager: Shutting down and abandoning module ExternalImagePicker (189)
[2015.08.22-20.23.30:368][685]LogModuleManager: Shutting down and abandoning module CrashTracker (188)
[2015.08.22-20.23.30:368][685]LogModuleManager: Shutting down and abandoning module SceneOutliner (187)
[2015.08.22-20.23.30:368][685]LogModuleManager: Shutting down and abandoning module SuperSearch (186)
[2015.08.22-20.23.30:368][685]LogModuleManager: Shutting down and abandoning module WidgetCarousel (185)
[2015.08.22-20.23.30:368][685]LogModuleManager: Shutting down and abandoning module AddContentDialog (184)
[2015.08.22-20.23.30:373][685]LogModuleManager: Shutting down and abandoning module EditorWidgets (183)
[2015.08.22-20.23.30:373][685]LogModuleManager: Shutting down and abandoning module CollectionManager (182)
[2015.08.22-20.23.30:373][685]LogModuleManager: Shutting down and abandoning module StatsViewer (181)
[2015.08.22-20.23.30:373][685]LogModuleManager: Shutting down and abandoning module FoliageEdit (180)
[2015.08.22-20.23.30:373][685]LogModuleManager: Shutting down and abandoning module LandscapeEditor (179)
[2015.08.22-20.23.30:373][685]LogModuleManager: Shutting down and abandoning module ActorPickerMode (178)
[2015.08.22-20.23.30:373][685]LogModuleManager: Shutting down and abandoning module GeometryMode (177)
[2015.08.22-20.23.30:373][685]LogModuleManager: Shutting down and abandoning module TextureAlignMode (176)
[2015.08.22-20.23.30:373][685]LogModuleManager: Shutting down and abandoning module BspMode (175)
[2015.08.22-20.23.30:373][685]LogModuleManager: Shutting down and abandoning module PlacementMode (174)
[2015.08.22-20.23.30:373][685]LogModuleManager: Shutting down and abandoning module AutomationWorker (173)
[2015.08.22-20.23.30:373][685]LogModuleManager: Shutting down and abandoning module CharacterAI (172)
[2015.08.22-20.23.30:374][685]LogModuleManager: Shutting down and abandoning module SmartSnapping (171)
[2015.08.22-20.23.30:374][685]LogModuleManager: Shutting down and abandoning module ViewportSnapping (170)
[2015.08.22-20.23.30:374][685]LogModuleManager: Shutting down and abandoning module LogVisualizer (169)
[2015.08.22-20.23.30:374][685]LogModuleManager: Shutting down and abandoning module GameProjectGeneration (168)
[2015.08.22-20.23.30:374][685]LogModuleManager: Shutting down and abandoning module IntroTutorials (167)
[2015.08.22-20.23.30:374][685]LogModuleManager: Shutting down and abandoning module EditorLiveStreaming (166)
[2015.08.22-20.23.30:374][685]LogModuleManager: Shutting down and abandoning module IOSPlatformEditor (165)
[2015.08.22-20.23.30:374][685]LogModuleManager: Shutting down and abandoning module HTML5PlatformEditor (164)
[2015.08.22-20.23.30:374][685]LogModuleManager: Shutting down and abandoning module AndroidDeviceDetection (163)
[2015.08.22-20.23.31:260][685]LogModuleManager: Shutting down and abandoning module AndroidPlatformEditor (162)
[2015.08.22-20.23.31:260][685]LogModuleManager: Shutting down and abandoning module IOSRuntimeSettings (161)
[2015.08.22-20.23.31:260][685]LogModuleManager: Shutting down and abandoning module AndroidRuntimeSettings (160)
[2015.08.22-20.23.31:260][685]LogModuleManager: Shutting down and abandoning module MergeActors (159)
[2015.08.22-20.23.31:260][685]LogModuleManager: Shutting down and abandoning module SizeMap (158)
[2015.08.22-20.23.31:260][685]LogModuleManager: Shutting down and abandoning module TreeMap (157)
[2015.08.22-20.23.31:260][685]LogModuleManager: Shutting down and abandoning module ReferenceViewer (156)
[2015.08.22-20.23.31:260][685]LogModuleManager: Shutting down and abandoning module LocalizationDashboard (155)
[2015.08.22-20.23.31:260][685]LogModuleManager: Shutting down and abandoning module HardwareTargeting (154)
[2015.08.22-20.23.31:260][685]LogModuleManager: Shutting down and abandoning module DeviceProfileEditor (153)
[2015.08.22-20.23.31:260][685]LogModuleManager: Shutting down and abandoning module UndoHistory (152)
[2015.08.22-20.23.31:260][685]LogModuleManager: Shutting down and abandoning module GameplayTagsEditor (151)
[2015.08.22-20.23.31:260][685]LogModuleManager: Shutting down and abandoning module UserFeedback (150)
[2015.08.22-20.23.31:260][685]LogModuleManager: Shutting down and abandoning module XmlParser (149)
[2015.08.22-20.23.31:260][685]LogModuleManager: Shutting down and abandoning module Blutility (148)
[2015.08.22-20.23.31:260][685]LogModuleManager: Shutting down and abandoning module ProjectTargetPlatformEditor (147)
[2015.08.22-20.23.31:260][685]LogModuleManager: Shutting down and abandoning module ProjectSettingsViewer (146)
[2015.08.22-20.23.31:261][685]LogModuleManager: Shutting down and abandoning module InputBindingEditor (145)
[2015.08.22-20.23.31:261][685]LogModuleManager: Shutting down and abandoning module EditorSettingsViewer (144)
[2015.08.22-20.23.31:262][685]LogModuleManager: Shutting down and abandoning module SettingsEditor (143)
[2015.08.22-20.23.31:262][685]LogModuleManager: Shutting down and abandoning module ProjectLauncher (142)
[2015.08.22-20.23.31:262][685]LogModuleManager: Shutting down and abandoning module SessionFrontend (141)
[2015.08.22-20.23.31:262][685]LogModuleManager: Shutting down and abandoning module ProfilerClient (140)
[2015.08.22-20.23.31:262][685]LogModuleManager: Shutting down and abandoning module TargetDeviceServices (139)
[2015.08.22-20.23.31:262][685]LogModuleManager: Shutting down and abandoning module DeviceManager (138)
[2015.08.22-20.23.31:262][685]LogModuleManager: Shutting down and abandoning module AutomationController (137)
[2015.08.22-20.23.31:262][685]LogModuleManager: Shutting down and abandoning module AutomationWindow (136)
[2015.08.22-20.23.31:262][685]LogModuleManager: Shutting down and abandoning module Layers (135)
[2015.08.22-20.23.31:263][685]LogModuleManager: Shutting down and abandoning module ComponentVisualizers (134)
[2015.08.22-20.23.31:263][685]LogModuleManager: Shutting down and abandoning module DetailCustomizations (133)
[2015.08.22-20.23.31:263][685]LogModuleManager: Shutting down and abandoning module PackagesDialog (132)
[2015.08.22-20.23.31:263][685]LogModuleManager: Shutting down and abandoning module AssetRegistry (131)
[2015.08.22-20.23.31:379][685]LogModuleManager: Shutting down and abandoning module Persona (130)
[2015.08.22-20.23.31:379][685]LogModuleManager: Shutting down and abandoning module Kismet (129)
[2015.08.22-20.23.31:379][685]LogModuleManager: Shutting down and abandoning module GraphEditor (128)
[2015.08.22-20.23.31:379][685]LogModuleManager: Shutting down and abandoning module ClassViewer (127)
[2015.08.22-20.23.31:379][685]LogModuleManager: Shutting down and abandoning module Toolbox (126)
[2015.08.22-20.23.31:379][685]LogModuleManager: Shutting down and abandoning module ModuleUI (125)
[2015.08.22-20.23.31:379][685]LogModuleManager: Shutting down and abandoning module MovieSceneTools (124)
[2015.08.22-20.23.31:380][685]LogModuleManager: Shutting down and abandoning module OutputLog (123)
[2015.08.22-20.23.31:380][685]LogModuleManager: Shutting down and abandoning module GammaUI (122)
[2015.08.22-20.23.31:380][685]LogModuleManager: Shutting down and abandoning module Documentation (121)
[2015.08.22-20.23.31:380][685]LogModuleManager: Shutting down and abandoning module GameLiveStreaming (120)
[2015.08.22-20.23.31:380][685]LogModuleManager: Shutting down and abandoning module StreamingPauseRendering (119)
[2015.08.22-20.23.31:380][685]LogModuleManager: Shutting down and abandoning module AnalyticsET (118)
[2015.08.22-20.23.31:380][685]LogModuleManager: Shutting down and abandoning module Analytics (117)
[2015.08.22-20.23.31:380][685]LogModuleManager: Shutting down and abandoning module AITestSuite (116)
[2015.08.22-20.23.31:380][685]LogModuleManager: Shutting down and abandoning module GameplayDebugger (115)
[2015.08.22-20.23.31:380][685]LogModuleManager: Shutting down and abandoning module AIModule (114)
[2015.08.22-20.23.31:380][685]LogModuleManager: Shutting down and abandoning module ProfilerService (113)
[2015.08.22-20.23.31:427][685]LogModuleManager: Shutting down and abandoning module TaskGraph (112)
[2015.08.22-20.23.31:427][685]LogModuleManager: Shutting down and abandoning module SlateRemote (111)
[2015.08.22-20.23.31:427][685]LogModuleManager: Shutting down and abandoning module SteamVRController (110)
[2015.08.22-20.23.31:427][685]LogModuleManager: Shutting down and abandoning module SteamVR (109)
[2015.08.22-20.23.31:427][685]LogModuleManager: Shutting down and abandoning module ProceduralMeshComponent (108)
[2015.08.22-20.23.31:427][685]LogModuleManager: Shutting down and abandoning module OculusRift (107)
[2015.08.22-20.23.31:427][685]LogModuleManager: Shutting down and abandoning module LeapMotionController (106)
[2015.08.22-20.23.31:449][685]LogModuleManager: Shutting down and abandoning module CustomMeshComponent (105)
[2015.08.22-20.23.31:449][685]LogModuleManager: Shutting down and abandoning module CableComponent (104)
[2015.08.22-20.23.31:449][685]LogModuleManager: Shutting down and abandoning module MessagingDebugger (103)
[2015.08.22-20.23.31:449][685]LogModuleManager: Shutting down and abandoning module MediaPlayerEditor (102)
[2015.08.22-20.23.31:449][685]LogModuleManager: Shutting down and abandoning module SpeedTreeImporter (101)
[2015.08.22-20.23.31:449][685]LogModuleManager: Shutting down and abandoning module PluginBrowser (100)
[2015.08.22-20.23.31:449][685]LogModuleManager: Shutting down and abandoning module EpicSurvey (99)
[2015.08.22-20.23.31:449][685]LogModuleManager: Shutting down and abandoning module DesktopPlatform (98)
[2015.08.22-20.23.31:449][685]LogModuleManager: Shutting down and abandoning module VisualStudioSourceCodeAccess (97)
[2015.08.22-20.23.31:449][685]LogModuleManager: Shutting down and abandoning module UObjectPlugin (96)
[2015.08.22-20.23.31:449][685]LogModuleManager: Shutting down and abandoning module SubversionSourceControl (95)
[2015.08.22-20.23.31:449][685]LogModuleManager: Shutting down and abandoning module PerforceSourceControl (94)
[2015.08.22-20.23.31:449][685]LogModuleManager: Shutting down and abandoning module SourceControl (93)
[2015.08.22-20.23.31:449][685]LogModuleManager: Shutting down and abandoning module GitSourceControl (92)
[2015.08.22-20.23.31:449][685]LogModuleManager: Shutting down and abandoning module BlankPlugin (91)
[2015.08.22-20.23.31:449][685]LogModuleManager: Shutting down and abandoning module PaperTiledImporter (90)
[2015.08.22-20.23.31:449][685]LogModuleManager: Shutting down and abandoning module PaperSpriteSheetImporter (89)
[2015.08.22-20.23.31:449][685]LogModuleManager: Shutting down and abandoning module MeshPaint (88)
[2015.08.22-20.23.31:449][685]LogModuleManager: Shutting down and abandoning module SlateReflector (87)
[2015.08.22-20.23.31:449][685]LogModuleManager: Shutting down and abandoning module DirectoryWatcher (86)
[2015.08.22-20.23.31:454][685]LogModuleManager: Shutting down and abandoning module HotReload (85)
[2015.08.22-20.23.31:454][685]LogModuleManager: Shutting down and abandoning module MainFrame (84)
[2015.08.22-20.23.31:454][685]LogModuleManager: Shutting down and abandoning module LevelEditor (83)
[2015.08.22-20.23.31:455][685]LogModuleManager: Shutting down and abandoning module ContentBrowser (82)
[2015.08.22-20.23.31:457][685]LogModuleManager: Shutting down and abandoning module Paper2DEditor (81)
[2015.08.22-20.23.31:457][685]LogModuleManager: Shutting down and abandoning module UdpMessaging (80)
[2015.08.22-20.23.31:558][685]LogModuleManager: Shutting down and abandoning module Paper2D (79)
[2015.08.22-20.23.31:558][685]LogModuleManager: Shutting down and abandoning module WindowsMoviePlayer (78)
[2015.08.22-20.23.31:562][685]LogModuleManager: Shutting down and abandoning module Media (77)
[2015.08.22-20.23.31:562][685]LogModuleManager: Shutting down and abandoning module WmfMedia (76)
[2015.08.22-20.23.31:563][685]LogModuleManager: Shutting down and abandoning module OnlineBlueprintSupport (75)
[2015.08.22-20.23.31:563][685]LogModuleManager: Shutting down and abandoning module PropertyEditor (74)
[2015.08.22-20.23.31:563][685]LogModuleManager: Shutting down and abandoning module BehaviorTreeEditor (73)
[2015.08.22-20.23.31:563][685]LogModuleManager: Shutting down and abandoning module FunctionalTesting (72)
[2015.08.22-20.23.31:563][685]LogModuleManager: Shutting down and abandoning module CollisionAnalyzer (71)
[2015.08.22-20.23.31:563][685]LogModuleManager: Shutting down and abandoning module WorkspaceMenuStructure (70)
[2015.08.22-20.23.31:563][685]LogModuleManager: Shutting down and abandoning module MessageLog (69)
[2015.08.22-20.23.31:563][685]LogModuleManager: Shutting down and abandoning module Sequencer (68)
[2015.08.22-20.23.31:563][685]LogModuleManager: Shutting down and abandoning module AssetTools (67)
[2015.08.22-20.23.31:563][685]LogModuleManager: Shutting down and abandoning module UMGEditor (66)
[2015.08.22-20.23.31:563][685]LogModuleManager: Shutting down and abandoning module UMG (65)
[2015.08.22-20.23.31:563][685]LogModuleManager: Shutting down and abandoning module Slate (64)
[2015.08.22-20.23.31:563][685]LogModuleManager: Shutting down and abandoning module EditorStyle (63)
[2015.08.22-20.23.31:568][685]LogModuleManager: Shutting down and abandoning module SessionServices (62)
[2015.08.22-20.23.31:569][685]LogModuleManager: Shutting down and abandoning module SourceCodeAccess (61)
[2015.08.22-20.23.31:569][685]LogModuleManager: Shutting down and abandoning module HeadMountedDisplay (60)
[2015.08.22-20.23.31:569][685]LogModuleManager: Shutting down and abandoning module XAudio2 (59)
[2015.08.22-20.23.31:569][685]LogModuleManager: Shutting down and abandoning module Networking (57)
[2015.08.22-20.23.31:569][685]LogModuleManager: Shutting down and abandoning module Core (56)
[2015.08.22-20.23.31:569][685]LogModuleManager: Shutting down and abandoning module KismetCompiler (55)
[2015.08.22-20.23.31:569][685]LogModuleManager: Shutting down and abandoning module PhysXFormats (54)
[2015.08.22-20.23.31:569][685]LogModuleManager: Shutting down and abandoning module MeshUtilities (53)
[2015.08.22-20.23.31:569][685]LogModuleManager: Shutting down and abandoning module DerivedDataCache (52)
[2015.08.22-20.23.31:611][685]LogDerivedDataCache: Shutdown
[2015.08.22-20.23.31:611][685]LogModuleManager: Shutting down and abandoning module ShaderFormatOpenGL (51)
[2015.08.22-20.23.31:611][685]LogModuleManager: Shutting down and abandoning module ShaderFormatD3D (50)
[2015.08.22-20.23.31:611][685]LogModuleManager: Shutting down and abandoning module MetalShaderFormat (49)
[2015.08.22-20.23.31:611][685]LogModuleManager: Shutting down and abandoning module TextureFormatUncompressed (48)
[2015.08.22-20.23.31:611][685]LogModuleManager: Shutting down and abandoning module TextureFormatPVR (47)
[2015.08.22-20.23.31:611][685]LogModuleManager: Shutting down and abandoning module TextureFormatIntelISPCTexComp (46)
[2015.08.22-20.23.31:611][685]LogModuleManager: Shutting down and abandoning module TextureFormatDXT (45)
[2015.08.22-20.23.31:611][685]LogModuleManager: Shutting down and abandoning module ImageWrapper (44)
[2015.08.22-20.23.31:611][685]LogModuleManager: Shutting down and abandoning module TextureFormatASTC (43)
[2015.08.22-20.23.31:611][685]LogModuleManager: Shutting down and abandoning module TextureFormatAndroid (42)
[2015.08.22-20.23.31:611][685]LogModuleManager: Shutting down and abandoning module AudioFormatOpus (41)
[2015.08.22-20.23.31:611][685]LogModuleManager: Shutting down and abandoning module AudioFormatOgg (40)
[2015.08.22-20.23.31:611][685]LogModuleManager: Shutting down and abandoning module AudioFormatADPCM (39)
[2015.08.22-20.23.31:611][685]LogModuleManager: Shutting down and abandoning module LinuxTargetPlatform (38)
[2015.08.22-20.23.31:611][685]LogModuleManager: Shutting down and abandoning module LinuxServerTargetPlatform (37)
[2015.08.22-20.23.31:611][685]LogModuleManager: Shutting down and abandoning module LinuxNoEditorTargetPlatform (36)
[2015.08.22-20.23.31:611][685]LogModuleManager: Shutting down and abandoning module Messaging (35)
[2015.08.22-20.23.31:611][685]LogModuleManager: Shutting down and abandoning module IOSTargetPlatform (34)
[2015.08.22-20.23.31:612][685]LogModuleManager: Shutting down and abandoning module HTML5TargetPlatform (33)
[2015.08.22-20.23.31:612][685]LogModuleManager: Shutting down and abandoning module Android_PVRTCTargetPlatform (32)
[2015.08.22-20.23.31:612][685]LogModuleManager: Shutting down and abandoning module Android_ETC2TargetPlatform (31)
[2015.08.22-20.23.31:612][685]LogModuleManager: Shutting down and abandoning module Android_ETC1TargetPlatform (30)
[2015.08.22-20.23.31:612][685]LogModuleManager: Shutting down and abandoning module Android_DXTTargetPlatform (29)
[2015.08.22-20.23.31:612][685]LogModuleManager: Shutting down and abandoning module Android_ATCTargetPlatform (28)
[2015.08.22-20.23.31:612][685]LogModuleManager: Shutting down and abandoning module Android_ASTCTargetPlatform (27)
[2015.08.22-20.23.31:612][685]LogModuleManager: Shutting down and abandoning module AndroidTargetPlatform (26)
[2015.08.22-20.23.31:612][685]LogModuleManager: Shutting down and abandoning module WindowsTargetPlatform (25)
[2015.08.22-20.23.31:612][685]LogModuleManager: Shutting down and abandoning module WindowsServerTargetPlatform (24)
[2015.08.22-20.23.31:612][685]LogModuleManager: Shutting down and abandoning module WindowsNoEditorTargetPlatform (23)
[2015.08.22-20.23.31:612][685]LogModuleManager: Shutting down and abandoning module WindowsClientTargetPlatform (22)
[2015.08.22-20.23.31:612][685]LogModuleManager: Shutting down and abandoning module DesktopTargetPlatform (21)
[2015.08.22-20.23.31:612][685]LogModuleManager: Shutting down and abandoning module TargetPlatform (20)
[2015.08.22-20.23.31:612][685]LogModuleManager: Shutting down and abandoning module InputCore (19)
[2015.08.22-20.23.31:612][685]LogModuleManager: Shutting down and abandoning module Settings (18)
[2015.08.22-20.23.31:612][685]LogModuleManager: Shutting down and abandoning module OnlineSubsystem (16)
[2015.08.22-20.23.31:612][685]LogModuleManager: Shutting down and abandoning module HTTP (15)
[2015.08.22-20.23.31:613][685]LogModuleManager: Shutting down and abandoning module ExampleDeviceProfileSelector (14)
[2015.08.22-20.23.31:613][685]LogModuleManager: Shutting down and abandoning module TextureCompressor (13)
[2015.08.22-20.23.31:613][685]LogModuleManager: Shutting down and abandoning module ShaderCore (12)
[2015.08.22-20.23.31:613][685]LogModuleManager: Shutting down and abandoning module Landscape (11)
[2015.08.22-20.23.31:613][685]LogModuleManager: Shutting down and abandoning module SlateRHIRenderer (10)
[2015.08.22-20.23.31:616][685]LogModuleManager: Shutting down and abandoning module OpenGLDrv (9)
[2015.08.22-20.23.31:616][685]LogModuleManager: Shutting down and abandoning module D3D11RHI (8)
[2015.08.22-20.23.31:616][685]LogModuleManager: Shutting down and abandoning module Renderer (7)
[2015.08.22-20.23.31:616][685]LogModuleManager: Shutting down and abandoning module Engine (6)
[2015.08.22-20.23.31:616][685]LogModuleManager: Shutting down and abandoning module CoreUObject (5)
[2015.08.22-20.23.31:616][685]LogModuleManager: Shutting down and abandoning module NetworkFile (4)
[2015.08.22-20.23.31:616][685]LogModuleManager: Shutting down and abandoning module StreamingFile (3)
[2015.08.22-20.23.31:616][685]LogModuleManager: Shutting down and abandoning module SandboxFile (2)
[2015.08.22-20.23.31:617][685]LogModuleManager: Shutting down and abandoning module PakFile (1)
[2015.08.22-20.23.31:617][685]LogExit: Exiting.
[2015.08.22-20.23.31:624][685]Log file closed, 08/22/15 16:23:31
