[2015.08.22-01.02.31:697][  0]Log file open, 08/21/15 21:02:31
[2015.08.22-01.02.31:698][  0]LogInit:Display: Running engine for game: Limb
[2015.08.22-01.02.31:698][  0]LogInit:Display: RandInit(-1830266054) SRandInit(-1830266054).
[2015.08.22-01.02.31:698][  0]LogTaskGraph: Started task graph with 4 named threads and 8 total threads.
[2015.08.22-01.02.31:698][  0]LogStats: Stats thread started
[2015.08.22-01.02.31:698][  0]LogInit: Version: 4.8.3-2634408+++depot+UE4-Releases+4.8
[2015.08.22-01.02.31:698][  0]LogInit: API Version: 2579680
[2015.08.22-01.02.31:698][  0]LogInit: Compiled (64-bit): Jul 27 2015 16:24:33
[2015.08.22-01.02.31:698][  0]LogInit: Compiled with Visual C++: 18.00.21005.01
[2015.08.22-01.02.31:698][  0]LogInit: Build Configuration: Development
[2015.08.22-01.02.31:698][  0]LogInit: Branch Name: ++depot+UE4-Releases+4.8
[2015.08.22-01.02.31:698][  0]LogInit: Command line: 
[2015.08.22-01.02.31:698][  0]LogInit: Base directory: C:/Program Files/Epic Games/4.8/Engine/Binaries/Win64/
[2015.08.22-01.02.31:698][  0]LogInit: Rocket: 1
[2015.08.22-01.02.31:715][  0]LogInit: Using libcurl 7.41.0
[2015.08.22-01.02.31:715][  0]LogInit:  - built for x86_64-pc-win32
[2015.08.22-01.02.31:715][  0]LogInit:  - supports SSL with WinSSL
[2015.08.22-01.02.31:715][  0]LogInit:  - other features:
[2015.08.22-01.02.31:715][  0]LogInit:      CURL_VERSION_SSL
[2015.08.22-01.02.31:715][  0]LogInit:      CURL_VERSION_IPV6
[2015.08.22-01.02.31:715][  0]LogInit:      CURL_VERSION_ASYNCHDNS
[2015.08.22-01.02.31:715][  0]LogInit:      CURL_VERSION_LARGEFILE
[2015.08.22-01.02.31:715][  0]LogInit:      CURL_VERSION_IDN
[2015.08.22-01.02.31:715][  0]LogInit:  CurlRequestOptions (configurable via config and command line):
[2015.08.22-01.02.31:715][  0]LogInit:  - bVerifyPeer = true  - Libcurl will verify peer certificate
[2015.08.22-01.02.31:715][  0]LogInit:  - bUseHttpProxy = false  - Libcurl will NOT use HTTP proxy
[2015.08.22-01.02.31:716][  0]LogInit:  - bDontReuseConnections = false  - Libcurl will reuse connections
[2015.08.22-01.02.31:716][  0]LogInit:  - CertBundlePath = nullptr  - Libcurl will use whatever was configured at build time.
[2015.08.22-01.02.31:727][  0]LogOnline:Warning: No default platform service specified for OnlineSubsystem
[2015.08.22-01.02.31:742][  0]LogInit: Presizing for 0 objects not considered by GC, pre-allocating 0 bytes.
[2015.08.22-01.02.31:757][  0]LogInit: Object subsystem initialized
[2015.08.22-01.02.31:766][  0]LogInit: Selected Device Profile: [Windows]
[2015.08.22-01.02.31:766][  0]LogInit: Applying CVar settings loaded from the selected device profile: [Windows]
[2015.08.22-01.02.31:776][  0]LogInit: Computer: JEFF-PC
[2015.08.22-01.02.31:776][  0]LogInit: User: Jeff
[2015.08.22-01.02.31:776][  0]LogInit: CPU Page size=4096, Cores=8
[2015.08.22-01.02.31:776][  0]LogInit: High frequency timer resolution =2.929686 MHz
[2015.08.22-01.02.31:776][  0]LogMemory: Memory total: Physical=15.8GB (16GB approx)
[2015.08.22-01.02.31:776][  0]LogMemory: Platform Memory Stats for Windows
[2015.08.22-01.02.31:776][  0]LogMemory: Process Physical Memory: 49.67 MB used, 49.67 MB peak
[2015.08.22-01.02.31:776][  0]LogMemory: Process Virtual Memory: 22.75 MB used, 22.75 MB peak
[2015.08.22-01.02.31:776][  0]LogMemory: Physical Memory: 5894.95 MB used, 16209.98 MB total
[2015.08.22-01.02.31:776][  0]LogMemory: Virtual Memory: 314.30 MB used, 134217728.00 MB total
[2015.08.22-01.02.31:807][  0]LogTextLocalizationManager: The requested culture ('en_US') has no localization data; parent culture's ('en') localization data will be used.
[2015.08.22-01.02.31:985][  0]LogTextLocalizationManager:Warning: Loaded localization resources contain conflicting entries for (Namespace:ContentBrowser, Key:ImportAssetToolTip):
Localization Resource: (C:/Program Files/Epic Games/4.8/Engine/Content/Localization/Editor/en/Editor.locres) Source String Hash: (-630476809) Localized String: (Import to {0}...)
Localization Resource: (C:/Program Files/Epic Games/4.8/Engine/Content/Localization/Editor/en/Editor.locres) Source String Hash: (1271782899) Localized String: (Imports an asset from file to this folder.)
[2015.08.22-01.02.32:426][  0]LogD3D11RHI: Found D3D11 adapter 0: NVIDIA GeForce GTX 980 (Feature Level 11_0)
[2015.08.22-01.02.32:426][  0]LogD3D11RHI: Adapter has 4009MB of dedicated video memory, 0MB of dedicated system memory, and 8104MB of shared system memory, 1 output[s]
[2015.08.22-01.02.32:429][  0]LogD3D11RHI: Found D3D11 adapter 1: Microsoft Basic Render Driver (Feature Level 11_0)
[2015.08.22-01.02.32:429][  0]LogD3D11RHI: Adapter has 0MB of dedicated video memory, 0MB of dedicated system memory, and 8104MB of shared system memory, 0 output[s]
[2015.08.22-01.02.32:429][  0]LogD3D11RHI: Chosen D3D11 Adapter Id = 0
[2015.08.22-01.02.32:437][  0]LogD3D11RHI: InitD3DDevice
[2015.08.22-01.02.32:437][  0]LogD3D11RHI: !Direct3DDevice
[2015.08.22-01.02.32:437][  0]LogRHI: Texture pool is 1361 MB (70% of 1945 MB)
[2015.08.22-01.02.32:459][  0]LogD3D11RHI: Async texture creation enabled
[2015.08.22-01.02.32:475][  0]LogShaderCompilers:Display: Using Local Shader Compiler.
[2015.08.22-01.02.33:222][  0]LogTemp:Display: Loaded TP DesktopTargetPlatform
[2015.08.22-01.02.33:236][  0]LogTemp:Display: Loaded TP WindowsClientTargetPlatform
[2015.08.22-01.02.33:250][  0]LogTemp:Display: Loaded TP WindowsNoEditorTargetPlatform
[2015.08.22-01.02.33:263][  0]LogTemp:Display: Loaded TP WindowsServerTargetPlatform
[2015.08.22-01.02.33:279][  0]LogTemp:Display: Loaded TP WindowsTargetPlatform
[2015.08.22-01.02.33:291][  0]LogTemp:Display: Loaded TP AndroidTargetPlatform
[2015.08.22-01.02.33:302][  0]LogTemp:Display: Loaded TP Android_ASTCTargetPlatform
[2015.08.22-01.02.33:314][  0]LogTemp:Display: Loaded TP Android_ATCTargetPlatform
[2015.08.22-01.02.33:326][  0]LogTemp:Display: Loaded TP Android_DXTTargetPlatform
[2015.08.22-01.02.33:348][  0]LogTemp:Display: Loaded TP Android_ETC1TargetPlatform
[2015.08.22-01.02.33:367][  0]LogTemp:Display: Loaded TP Android_ETC2TargetPlatform
[2015.08.22-01.02.33:381][  0]LogTemp:Display: Loaded TP Android_PVRTCTargetPlatform
[2015.08.22-01.02.33:425][  0]LogTemp:Display: Loaded TP IOSTargetPlatform
[2015.08.22-01.02.33:440][  0]LogTemp:Display: Loaded TP LinuxNoEditorTargetPlatform
[2015.08.22-01.02.33:451][  0]LogTemp:Display: Loaded TP LinuxServerTargetPlatform
[2015.08.22-01.02.33:469][  0]LogTemp:Display: Loaded TP LinuxTargetPlatform
[2015.08.22-01.02.33:469][  0]LogTargetPlatformManager:Display: Building Assets For Windows
[2015.08.22-01.02.33:695][  0]LogDerivedDataCache:Display: Max Cache Size: 512 MB
[2015.08.22-01.02.33:742][  0]LogDerivedDataCache: Loaded boot cache 0.05s 53MB C:/Users/Jeff/AppData/Local/UnrealEngine/4.8/DerivedDataCache/Boot.ddc.
[2015.08.22-01.02.33:742][  0]LogDerivedDataCache:Display: Loaded Boot cache: C:/Users/Jeff/AppData/Local/UnrealEngine/4.8/DerivedDataCache/Boot.ddc
[2015.08.22-01.02.33:742][  0]LogDerivedDataCache: FDerivedDataBackendGraph:  Pak pak cache file ../../../../../../Users/Jeff/Documents/Unreal Projects/Limb/DerivedDataCache/DDC.ddp not found, will not use a pak cache.
[2015.08.22-01.02.33:742][  0]LogDerivedDataCache: Unable to find inner node Pak for hierarchical cache Hierarchy.
[2015.08.22-01.02.33:742][  0]LogDerivedDataCache: FDerivedDataBackendGraph:  CompressedPak pak cache file ../../../../../../Users/Jeff/Documents/Unreal Projects/Limb/DerivedDataCache/Compressed.ddp not found, will not use a pak cache.
[2015.08.22-01.02.33:742][  0]LogDerivedDataCache: Unable to find inner node CompressedPak for hierarchical cache Hierarchy.
[2015.08.22-01.02.33:878][  0]LogDerivedDataCache:Display: Pak cache opened for reading ../../../Engine/DerivedDataCache/Compressed.ddp.
[2015.08.22-01.02.33:889][  0]LogDerivedDataCache: Using Local data cache path C:/Users/Jeff/AppData/Local/UnrealEngine/Common/DerivedDataCache: Writable
[2015.08.22-01.02.34:062][  0]LogInit: Selected Device Profile: [Windows]
[2015.08.22-01.02.34:132][  0]ImportText (ComponentSweepMultiTests): Missing closing parenthesis: (RootShapeAsset="/Engine/BasicShapes/Cube.Cube",ShapeType="TriggerCapsule",HitResult=(Time=0.50,Location=(X=-100.000015,Y=0.0,Z=100.000015),ImpactPoint=(X=-50.0,Y=0.0,Z=50.0),Normal=(X=-1.0,Y=-0.0,Z=0.0),ImpactNormal=(X=0.0,Y=0.0,Z=1.0),TraceStart=(X=-200.0,Y=0.0,Z=200.0),TraceEnd=(X=0.0,Y=0.0,Z=0.0))
[2015.08.22-01.02.34:132][  0]ImportText (LineTraceSingleByChannelTests): Missing closing parenthesis: (RootShapeAsset="/Engine/BasicShapes/Cube.Cube",HitResult=(Time=0.50,Location=(X=-100.000015,Y=0.0,Z=100.000015),ImpactPoint=(X=-50.0,Y=0.0,Z=50.0),Normal=(X=-1.0,Y=-0.0,Z=0.0),ImpactNormal=(X=0.0,Y=0.0,Z=1.0),TraceStart=(X=-200.0,Y=0.0,Z=200.0),TraceEnd=(X=0.0,Y=0.0,Z=0.0))
[2015.08.22-01.02.34:156][  0]LogMeshUtilities: No automatic mesh reduction module available
[2015.08.22-01.02.34:156][  0]LogMeshUtilities: No automatic mesh merging module available
[2015.08.22-01.02.34:442][  0]LogInit: WinSock: version 1.1 (2.2), MaxSocks=32767, MaxUdp=65467
[2015.08.22-01.02.35:339][  0]UdpMessaging: Initializing bridge on interface 0.0.0.0:0 to multicast group 230.0.0.1:6666.
[2015.08.22-01.02.35:667][  0]SourceControl: Info Source control is disabled
[2015.08.22-01.02.35:667][  0]SourceControl: Info Source control is disabled
[2015.08.22-01.02.35:676][  0]SourceControl: Info Source control is disabled
[2015.08.22-01.02.35:684][  0]SourceControl: Info Source control is disabled
[2015.08.22-01.02.35:903][  0]LogObj: 26273 objects as part of root set at end of initial load.
[2015.08.22-01.02.35:903][  0]LogUObjectAllocator: 5409248 out of 0 bytes used by permanent object pool.
[2015.08.22-01.02.35:987][  0]LogEngine: Initializing Engine...
[2015.08.22-01.02.35:989][  0]LogHMD: Can't find Oculus library dev build: is proper Runtime installed? Version: 0.6.0.0
[2015.08.22-01.02.35:990][  0]LogHMD:Warning: SteamVR failed to initialize.  Error: 110
[2015.08.22-01.02.36:122][  0]LogAIModule: Creating AISystem for world NewWorld
[2015.08.22-01.02.36:131][  0]LogInit: XAudio2 using 'Speakers (Sound Blaster Recon3Di)' : 2 channels at 48 kHz using 32 bits per sample (channel mask 0x3)
[2015.08.22-01.02.36:139][  0]LogInit: FAudioDevice initialized.
[2015.08.22-01.02.36:166][  0]LogDerivedDataCache: Saved boot cache 0.03s 53MB C:/Users/Jeff/AppData/Local/UnrealEngine/4.8/DerivedDataCache/Boot.ddc.
[2015.08.22-01.02.36:174][  0]LogInit: Texture streaming: Disabled
[2015.08.22-01.02.36:195][  0]LogAnalytics: Creating configured Analytics provider AnalyticsET
[2015.08.22-01.02.36:195][  0]LogAnalytics: [UEEditor.Rocket.Release] APIServer = http://et2.epicgames.com/ET2/. AppVersion = 4.8.3-2634408+++depot+UE4-Releases+4.8
[2015.08.22-01.02.36:195][  0]LogAnalytics: [UEEditor.Rocket.Release] SetUserId 932069174bf1037fa10103a1f14f2324|2ecce1256459427994cea1485b2a5862|58ced3f8-15a8-4cff-a65e-24b1e5e72976
[2015.08.22-01.02.36:195][  0]LogAnalytics: [UEEditor.Rocket.Release] AnalyticsET::StartSession
[2015.08.22-01.02.36:221][  0]LogInit: Transaction tracking system initialized
[2015.08.22-01.02.36:333][  0]BlueprintLog: New page: Editor Load
[2015.08.22-01.02.36:365][  0]LogAssetRegistry: FAssetRegistry took 0.0107 seconds to start up
[2015.08.22-01.02.36:365][  0]LogDirectoryWatcher:Warning: Failed to begin reading directory changes for ../../../Engine/Plugins/Experimental/CharacterAI/Content/. Error: 0
[2015.08.22-01.02.37:855][  0]LogConsoleManager:Warning: Console variable 'r.VSync' wasn't set ('GameSetting' has a lower priority than 'SystemSettingsIni')
[2015.08.22-01.02.37:856][  0]LogConsoleResponse:Display: 
[2015.08.22-01.02.37:954][  0]LogCook:Display: Done creating registry. It took  0.00s.
[2015.08.22-01.02.38:111][  0]SourceControl: Info Source control is disabled
[2015.08.22-01.02.38:111][  0]Cmd: MAP LOAD FILE="../../../Engine/Content/Maps/Templates/Template_Default.umap" TEMPLATE=1 SHOWPROGRESS=1 FEATURELEVEL=3
[2015.08.22-01.02.38:111][  0]LightingResults: New page: Lighting Build
[2015.08.22-01.02.38:123][  0]MapCheck: New page: Map Check
[2015.08.22-01.02.38:123][  0]LightingResults: New page: Lighting Build
[2015.08.22-01.02.38:132][  0]LogParticles: Destroying 0 GPU particle simulations for FXSystem 0x000000D46B07CF40
[2015.08.22-01.02.38:465][  0]LogAIModule: Creating AISystem for world Untitled_1
[2015.08.22-01.02.38:470][  0]LogEditorServer: Finished looking for orphan Actors (0.000 secs)
[2015.08.22-01.02.38:480][  0]Cmd: MAP CHECKDEP NOCLEARLOG
[2015.08.22-01.02.38:509][  0]MapCheck: Info Map check complete: 0 Error(s), 0 Warning(s), took 29.539ms to complete.
[2015.08.22-01.02.38:509][  0]LogFileHelpers: Loading map 'Template_Default' took 0.398
[2015.08.22-01.02.38:713][  0]LogCollectionManager: Loaded 0 collections in 0.001873 seconds
[2015.08.22-01.02.38:722][  0]LogContentBrowser: Native class hierarchy populated in 0.0079 seconds. Added 1792 classes and 301 folders.
[2015.08.22-01.02.38:780][  0]LogContentBrowser: Native class hierarchy updated for 'WidgetCarousel' in 0.0003 seconds. Added 0 classes and 0 folders.
[2015.08.22-01.02.38:964][  0]LogContentBrowser: Native class hierarchy updated for 'AddContentDialog' in 0.0005 seconds. Added 0 classes and 0 folders.
[2015.08.22-01.02.38:996][  0]LogContentBrowser: Native class hierarchy updated for 'SceneOutliner' in 0.0005 seconds. Added 1 classes and 2 folders.
[2015.08.22-01.02.39:064][  0]LogCrashTracker: Crashtracker disabled due to settings.
[2015.08.22-01.02.39:071][  0]LogD3D11RHI: InitD3DDevice
[2015.08.22-01.02.39:093][  0]LogD3D11RHI: InitD3DDevice
[2015.08.22-01.02.39:133][  0]LogLoad: Full Startup: 8.80 seconds (BP compile: 0.09 seconds)
[2015.08.22-01.02.39:266][  0]LogContentStreaming: Texture pool size is 0.000000MB
[2015.08.22-01.02.39:296][  0]LogContentStreaming: Texture pool size now 1000 MB
[2015.08.22-01.02.39:473][  0]LogRenderer: Reallocating scene render targets to support 1208x576 (Frame:2).
[2015.08.22-01.02.39:722][  5]LogAssetRegistry: Asset discovery search completed in 3.3687 seconds
[2015.08.22-01.02.57:525][136]LogD3D11RHI: InitD3DDevice
[2015.08.22-01.02.58:298][228]LogD3D11RHI: InitD3DDevice
[2015.08.22-01.03.01:242][580]LogD3D11RHI: InitD3DDevice
[2015.08.22-01.03.06:576][218]LogD3D11RHI: InitD3DDevice
[2015.08.22-01.03.07:390][314]LogD3D11RHI: InitD3DDevice
[2015.08.22-01.03.08:722][473]LogD3D11RHI: InitD3DDevice
[2015.08.22-01.03.10:391][672]LogD3D11RHI: InitD3DDevice
[2015.08.22-01.03.10:682][706]LogD3D11RHI: InitD3DDevice
[2015.08.22-01.03.11:358][786]LogD3D11RHI: InitD3DDevice
[2015.08.22-01.03.15:019][224]LogD3D11RHI: InitD3DDevice
[2015.08.22-01.03.17:165][481]LogD3D11RHI: InitD3DDevice
[2015.08.22-01.03.21:024][930]LogD3D11RHI: InitD3DDevice
[2015.08.22-01.03.24:651][364]LogD3D11RHI: InitD3DDevice
[2015.08.22-01.03.25:722][491]LogD3D11RHI: InitD3DDevice
[2015.08.22-01.03.30:041][993]LogD3D11RHI: InitD3DDevice
[2015.08.22-01.03.31:621][182]LogD3D11RHI: InitD3DDevice
[2015.08.22-01.03.31:636][182]LogLinker:Warning: Asset '../../../Engine/Content/Tutorial/Basics/FeaturePacks.uasset' has been saved with empty engine version. The asset will be loaded but may be incompatible.
[2015.08.22-01.03.31:865][182]LogLinker:Warning: Asset '../../../Engine/Content/Tutorial/Mobile/InstallingiTunesTutorial.uasset' has been saved with empty engine version. The asset will be loaded but may be incompatible.
[2015.08.22-01.03.31:872][182]LogLinker:Warning: Asset '../../../Engine/Content/Tutorial/Mobile/SettingUpAndroidTutorial.uasset' has been saved with empty engine version. The asset will be loaded but may be incompatible.
[2015.08.22-01.03.32:096][195]LogD3D11RHI: InitD3DDevice
[2015.08.22-01.03.34:968][537]LogD3D11RHI: InitD3DDevice
[2015.08.22-01.03.41:274][293]LogD3D11RHI: InitD3DDevice
[2015.08.22-01.03.41:593][331]LogD3D11RHI: InitD3DDevice
[2015.08.22-01.03.42:050][385]LogD3D11RHI: InitD3DDevice
[2015.08.22-01.03.43:141][515]LogD3D11RHI: InitD3DDevice
[2015.08.22-01.03.43:891][604]LogD3D11RHI: InitD3DDevice
[2015.08.22-01.03.47:061][984]LogD3D11RHI: InitD3DDevice
[2015.08.22-01.03.47:207][  1]LogD3D11RHI: InitD3DDevice
[2015.08.22-01.03.56:093][ 67]LogD3D11RHI: InitD3DDevice
[2015.08.22-01.03.56:604][128]LogD3D11RHI: InitD3DDevice
[2015.08.22-01.03.57:162][195]LogD3D11RHI: InitD3DDevice
[2015.08.22-01.03.57:841][276]LogD3D11RHI: InitD3DDevice
[2015.08.22-01.03.58:970][411]LogD3D11RHI: InitD3DDevice
[2015.08.22-01.03.59:914][524]LogD3D11RHI: InitD3DDevice
[2015.08.22-01.04.01:060][660]LogD3D11RHI: InitD3DDevice
[2015.08.22-01.04.08:305][529]LogD3D11RHI: InitD3DDevice
[2015.08.22-01.04.10:218][758]LogD3D11RHI: InitD3DDevice
[2015.08.22-01.04.10:911][841]LogD3D11RHI: InitD3DDevice
[2015.08.22-01.04.16:462][492]LogD3D11RHI: InitD3DDevice
[2015.08.22-01.04.17:555][622]LogD3D11RHI: InitD3DDevice
[2015.08.22-01.04.18:873][780]LogD3D11RHI: InitD3DDevice
[2015.08.22-01.04.21:508][ 95]LogD3D11RHI: InitD3DDevice
[2015.08.22-01.05.01:461][959]LogD3D11RHI: InitD3DDevice
[2015.08.22-01.06.59:409][838]SourceControl:Error: Error Failed to enable Git source control. You need to initialize the project as a Git repository first.
[2015.08.22-01.06.59:411][838]LogD3D11RHI: InitD3DDevice
[2015.08.22-01.07.09:842][ 81]SourceControl:Error: Error Failed to enable Git source control. You need to initialize the project as a Git repository first.
[2015.08.22-01.07.09:845][ 81]LogD3D11RHI: InitD3DDevice
[2015.08.22-01.07.15:959][815]SourceControl: Info Source control is disabled
[2015.08.22-01.07.17:373][984]LogD3D11RHI: InitD3DDevice
[2015.08.22-01.07.19:988][297]LogD3D11RHI: InitD3DDevice
[2015.08.22-01.07.23:400][706]LogD3D11RHI: InitD3DDevice
[2015.08.22-01.07.25:045][903]LogD3D11RHI: InitD3DDevice
[2015.08.22-01.08.28:036][380]LogD3D11RHI: InitD3DDevice
[2015.08.22-01.08.28:600][447]LogD3D11RHI: InitD3DDevice
[2015.08.22-01.08.33:436][ 27]LogD3D11RHI: InitD3DDevice
[2015.08.22-01.08.34:077][103]LogD3D11RHI: InitD3DDevice
[2015.08.22-01.08.36:347][375]LogD3D11RHI: InitD3DDevice
[2015.08.22-01.08.46:003][531]LogD3D11RHI: InitD3DDevice
[2015.08.22-01.09.00:772][298]LogD3D11RHI: InitD3DDevice
[2015.08.22-01.09.01:799][421]LogD3D11RHI: InitD3DDevice
[2015.08.22-01.09.02:833][545]LogD3D11RHI: InitD3DDevice
[2015.08.22-01.09.09:261][316]LogD3D11RHI: InitD3DDevice
[2015.08.22-01.09.14:526][948]SourceControl:Error: Error Failed to enable Git source control. You need to initialize the project as a Git repository first.
[2015.08.22-01.09.14:529][948]LogD3D11RHI: InitD3DDevice
[2015.08.22-01.09.19:104][497]SourceControl: Info Source control is disabled
[2015.08.22-01.09.20:347][631]LogWindowsTextInputMethodSystem:Display: IME system now deactivated.
[2015.08.22-01.09.20:633][632]Cmd: QUIT_EDITOR
[2015.08.22-01.09.20:899][632]LogExit: Preparing to exit.
[2015.08.22-01.09.21:574][632]LogExit: Editor shut down
[2015.08.22-01.09.21:574][632]LogExit: Transaction tracking system shut down
[2015.08.22-01.09.21:576][632]LogParticles: Destroying 0 GPU particle simulations for FXSystem 0x000000D461756660
[2015.08.22-01.09.21:576][632]LogParticles: Destroying 0 GPU particle simulations for FXSystem 0x000000D479C86C00
[2015.08.22-01.09.21:710][632]LogExit: Object subsystem successfully closed.
[2015.08.22-01.09.21:730][632]LogD3D11RHI: Shutdown
[2015.08.22-01.09.21:730][632]LogD3D11RHI: CleanupD3DDevice
[2015.08.22-01.09.21:778][632]LogD3D11RHI: ~FD3D11DynamicRHI
[2015.08.22-01.09.21:796][632]LogModuleManager: Shutting down and abandoning module ExternalImagePicker (189)
[2015.08.22-01.09.21:796][632]LogModuleManager: Shutting down and abandoning module CrashTracker (188)
[2015.08.22-01.09.21:796][632]LogModuleManager: Shutting down and abandoning module SceneOutliner (187)
[2015.08.22-01.09.21:798][632]LogModuleManager: Shutting down and abandoning module SuperSearch (186)
[2015.08.22-01.09.21:798][632]LogModuleManager: Shutting down and abandoning module WidgetCarousel (185)
[2015.08.22-01.09.21:798][632]LogModuleManager: Shutting down and abandoning module AddContentDialog (184)
[2015.08.22-01.09.21:800][632]LogModuleManager: Shutting down and abandoning module EditorWidgets (183)
[2015.08.22-01.09.21:800][632]LogModuleManager: Shutting down and abandoning module CollectionManager (182)
[2015.08.22-01.09.21:801][632]LogModuleManager: Shutting down and abandoning module StatsViewer (181)
[2015.08.22-01.09.21:801][632]LogModuleManager: Shutting down and abandoning module FoliageEdit (180)
[2015.08.22-01.09.21:801][632]LogModuleManager: Shutting down and abandoning module LandscapeEditor (179)
[2015.08.22-01.09.21:801][632]LogModuleManager: Shutting down and abandoning module ActorPickerMode (178)
[2015.08.22-01.09.21:801][632]LogModuleManager: Shutting down and abandoning module GeometryMode (177)
[2015.08.22-01.09.21:801][632]LogModuleManager: Shutting down and abandoning module TextureAlignMode (176)
[2015.08.22-01.09.21:801][632]LogModuleManager: Shutting down and abandoning module BspMode (175)
[2015.08.22-01.09.21:801][632]LogModuleManager: Shutting down and abandoning module PlacementMode (174)
[2015.08.22-01.09.21:801][632]LogModuleManager: Shutting down and abandoning module AutomationWorker (173)
[2015.08.22-01.09.21:801][632]LogModuleManager: Shutting down and abandoning module CharacterAI (172)
[2015.08.22-01.09.21:801][632]LogModuleManager: Shutting down and abandoning module SmartSnapping (171)
[2015.08.22-01.09.21:801][632]LogModuleManager: Shutting down and abandoning module ViewportSnapping (170)
[2015.08.22-01.09.21:801][632]LogModuleManager: Shutting down and abandoning module LogVisualizer (169)
[2015.08.22-01.09.21:801][632]LogModuleManager: Shutting down and abandoning module GameProjectGeneration (168)
[2015.08.22-01.09.21:801][632]LogModuleManager: Shutting down and abandoning module IntroTutorials (167)
[2015.08.22-01.09.21:801][632]LogModuleManager: Shutting down and abandoning module EditorLiveStreaming (166)
[2015.08.22-01.09.21:801][632]LogModuleManager: Shutting down and abandoning module IOSPlatformEditor (165)
[2015.08.22-01.09.21:801][632]LogModuleManager: Shutting down and abandoning module HTML5PlatformEditor (164)
[2015.08.22-01.09.21:801][632]LogModuleManager: Shutting down and abandoning module AndroidDeviceDetection (163)
[2015.08.22-01.09.22:783][632]LogModuleManager: Shutting down and abandoning module AndroidPlatformEditor (162)
[2015.08.22-01.09.22:783][632]LogModuleManager: Shutting down and abandoning module IOSRuntimeSettings (161)
[2015.08.22-01.09.22:783][632]LogModuleManager: Shutting down and abandoning module AndroidRuntimeSettings (160)
[2015.08.22-01.09.22:783][632]LogModuleManager: Shutting down and abandoning module MergeActors (159)
[2015.08.22-01.09.22:783][632]LogModuleManager: Shutting down and abandoning module SizeMap (158)
[2015.08.22-01.09.22:783][632]LogModuleManager: Shutting down and abandoning module TreeMap (157)
[2015.08.22-01.09.22:783][632]LogModuleManager: Shutting down and abandoning module ReferenceViewer (156)
[2015.08.22-01.09.22:783][632]LogModuleManager: Shutting down and abandoning module LocalizationDashboard (155)
[2015.08.22-01.09.22:783][632]LogModuleManager: Shutting down and abandoning module HardwareTargeting (154)
[2015.08.22-01.09.22:783][632]LogModuleManager: Shutting down and abandoning module DeviceProfileEditor (153)
[2015.08.22-01.09.22:783][632]LogModuleManager: Shutting down and abandoning module UndoHistory (152)
[2015.08.22-01.09.22:783][632]LogModuleManager: Shutting down and abandoning module GameplayTagsEditor (151)
[2015.08.22-01.09.22:783][632]LogModuleManager: Shutting down and abandoning module UserFeedback (150)
[2015.08.22-01.09.22:783][632]LogModuleManager: Shutting down and abandoning module XmlParser (149)
[2015.08.22-01.09.22:783][632]LogModuleManager: Shutting down and abandoning module Blutility (148)
[2015.08.22-01.09.22:783][632]LogModuleManager: Shutting down and abandoning module ProjectTargetPlatformEditor (147)
[2015.08.22-01.09.22:784][632]LogModuleManager: Shutting down and abandoning module ProjectSettingsViewer (146)
[2015.08.22-01.09.22:784][632]LogModuleManager: Shutting down and abandoning module InputBindingEditor (145)
[2015.08.22-01.09.22:784][632]LogModuleManager: Shutting down and abandoning module EditorSettingsViewer (144)
[2015.08.22-01.09.22:784][632]LogModuleManager: Shutting down and abandoning module SettingsEditor (143)
[2015.08.22-01.09.22:784][632]LogModuleManager: Shutting down and abandoning module ProjectLauncher (142)
[2015.08.22-01.09.22:784][632]LogModuleManager: Shutting down and abandoning module SessionFrontend (141)
[2015.08.22-01.09.22:784][632]LogModuleManager: Shutting down and abandoning module ProfilerClient (140)
[2015.08.22-01.09.22:784][632]LogModuleManager: Shutting down and abandoning module TargetDeviceServices (139)
[2015.08.22-01.09.22:784][632]LogModuleManager: Shutting down and abandoning module DeviceManager (138)
[2015.08.22-01.09.22:784][632]LogModuleManager: Shutting down and abandoning module AutomationController (137)
[2015.08.22-01.09.22:784][632]LogModuleManager: Shutting down and abandoning module AutomationWindow (136)
[2015.08.22-01.09.22:784][632]LogModuleManager: Shutting down and abandoning module Layers (135)
[2015.08.22-01.09.22:785][632]LogModuleManager: Shutting down and abandoning module ComponentVisualizers (134)
[2015.08.22-01.09.22:785][632]LogModuleManager: Shutting down and abandoning module DetailCustomizations (133)
[2015.08.22-01.09.22:785][632]LogModuleManager: Shutting down and abandoning module PackagesDialog (132)
[2015.08.22-01.09.22:785][632]LogModuleManager: Shutting down and abandoning module AssetRegistry (131)
[2015.08.22-01.09.22:865][632]LogModuleManager: Shutting down and abandoning module Persona (130)
[2015.08.22-01.09.22:865][632]LogModuleManager: Shutting down and abandoning module Kismet (129)
[2015.08.22-01.09.22:865][632]LogModuleManager: Shutting down and abandoning module GraphEditor (128)
[2015.08.22-01.09.22:865][632]LogModuleManager: Shutting down and abandoning module ClassViewer (127)
[2015.08.22-01.09.22:865][632]LogModuleManager: Shutting down and abandoning module Toolbox (126)
[2015.08.22-01.09.22:865][632]LogModuleManager: Shutting down and abandoning module ModuleUI (125)
[2015.08.22-01.09.22:865][632]LogModuleManager: Shutting down and abandoning module MovieSceneTools (124)
[2015.08.22-01.09.22:865][632]LogModuleManager: Shutting down and abandoning module OutputLog (123)
[2015.08.22-01.09.22:865][632]LogModuleManager: Shutting down and abandoning module GammaUI (122)
[2015.08.22-01.09.22:865][632]LogModuleManager: Shutting down and abandoning module Documentation (121)
[2015.08.22-01.09.22:865][632]LogModuleManager: Shutting down and abandoning module GameLiveStreaming (120)
[2015.08.22-01.09.22:866][632]LogModuleManager: Shutting down and abandoning module StreamingPauseRendering (119)
[2015.08.22-01.09.22:866][632]LogModuleManager: Shutting down and abandoning module AnalyticsET (118)
[2015.08.22-01.09.22:866][632]LogModuleManager: Shutting down and abandoning module Analytics (117)
[2015.08.22-01.09.22:866][632]LogModuleManager: Shutting down and abandoning module AITestSuite (116)
[2015.08.22-01.09.22:866][632]LogModuleManager: Shutting down and abandoning module GameplayDebugger (115)
[2015.08.22-01.09.22:866][632]LogModuleManager: Shutting down and abandoning module AIModule (114)
[2015.08.22-01.09.22:866][632]LogModuleManager: Shutting down and abandoning module ProfilerService (113)
[2015.08.22-01.09.22:941][632]LogModuleManager: Shutting down and abandoning module TaskGraph (112)
[2015.08.22-01.09.22:941][632]LogModuleManager: Shutting down and abandoning module SlateRemote (111)
[2015.08.22-01.09.22:941][632]LogModuleManager: Shutting down and abandoning module SteamVRController (110)
[2015.08.22-01.09.22:941][632]LogModuleManager: Shutting down and abandoning module SteamVR (109)
[2015.08.22-01.09.22:941][632]LogModuleManager: Shutting down and abandoning module ProceduralMeshComponent (108)
[2015.08.22-01.09.22:941][632]LogModuleManager: Shutting down and abandoning module OculusRift (107)
[2015.08.22-01.09.22:941][632]LogModuleManager: Shutting down and abandoning module LeapMotionController (106)
[2015.08.22-01.09.22:958][632]LogModuleManager: Shutting down and abandoning module CustomMeshComponent (105)
[2015.08.22-01.09.22:958][632]LogModuleManager: Shutting down and abandoning module CableComponent (104)
[2015.08.22-01.09.22:958][632]LogModuleManager: Shutting down and abandoning module MessagingDebugger (103)
[2015.08.22-01.09.22:958][632]LogModuleManager: Shutting down and abandoning module MediaPlayerEditor (102)
[2015.08.22-01.09.22:958][632]LogModuleManager: Shutting down and abandoning module SpeedTreeImporter (101)
[2015.08.22-01.09.22:958][632]LogModuleManager: Shutting down and abandoning module PluginBrowser (100)
[2015.08.22-01.09.22:958][632]LogModuleManager: Shutting down and abandoning module EpicSurvey (99)
[2015.08.22-01.09.22:959][632]LogModuleManager: Shutting down and abandoning module DesktopPlatform (98)
[2015.08.22-01.09.22:959][632]LogModuleManager: Shutting down and abandoning module VisualStudioSourceCodeAccess (97)
[2015.08.22-01.09.22:959][632]LogModuleManager: Shutting down and abandoning module UObjectPlugin (96)
[2015.08.22-01.09.22:959][632]LogModuleManager: Shutting down and abandoning module SubversionSourceControl (95)
[2015.08.22-01.09.22:959][632]LogModuleManager: Shutting down and abandoning module PerforceSourceControl (94)
[2015.08.22-01.09.22:959][632]LogModuleManager: Shutting down and abandoning module SourceControl (93)
[2015.08.22-01.09.22:959][632]LogModuleManager: Shutting down and abandoning module GitSourceControl (92)
[2015.08.22-01.09.22:959][632]LogModuleManager: Shutting down and abandoning module BlankPlugin (91)
[2015.08.22-01.09.22:959][632]LogModuleManager: Shutting down and abandoning module PaperTiledImporter (90)
[2015.08.22-01.09.22:959][632]LogModuleManager: Shutting down and abandoning module PaperSpriteSheetImporter (89)
[2015.08.22-01.09.22:959][632]LogModuleManager: Shutting down and abandoning module MeshPaint (88)
[2015.08.22-01.09.22:959][632]LogModuleManager: Shutting down and abandoning module SlateReflector (87)
[2015.08.22-01.09.22:959][632]LogModuleManager: Shutting down and abandoning module DirectoryWatcher (86)
[2015.08.22-01.09.22:960][632]LogModuleManager: Shutting down and abandoning module HotReload (85)
[2015.08.22-01.09.22:960][632]LogModuleManager: Shutting down and abandoning module MainFrame (84)
[2015.08.22-01.09.22:960][632]LogModuleManager: Shutting down and abandoning module LevelEditor (83)
[2015.08.22-01.09.22:961][632]LogModuleManager: Shutting down and abandoning module ContentBrowser (82)
[2015.08.22-01.09.22:962][632]LogModuleManager: Shutting down and abandoning module Paper2DEditor (81)
[2015.08.22-01.09.22:962][632]LogModuleManager: Shutting down and abandoning module UdpMessaging (80)
[2015.08.22-01.09.23:062][632]LogModuleManager: Shutting down and abandoning module Paper2D (79)
[2015.08.22-01.09.23:062][632]LogModuleManager: Shutting down and abandoning module WindowsMoviePlayer (78)
[2015.08.22-01.09.23:064][632]LogModuleManager: Shutting down and abandoning module Media (77)
[2015.08.22-01.09.23:064][632]LogModuleManager: Shutting down and abandoning module WmfMedia (76)
[2015.08.22-01.09.23:065][632]LogModuleManager: Shutting down and abandoning module OnlineBlueprintSupport (75)
[2015.08.22-01.09.23:065][632]LogModuleManager: Shutting down and abandoning module PropertyEditor (74)
[2015.08.22-01.09.23:065][632]LogModuleManager: Shutting down and abandoning module BehaviorTreeEditor (73)
[2015.08.22-01.09.23:065][632]LogModuleManager: Shutting down and abandoning module FunctionalTesting (72)
[2015.08.22-01.09.23:065][632]LogModuleManager: Shutting down and abandoning module CollisionAnalyzer (71)
[2015.08.22-01.09.23:065][632]LogModuleManager: Shutting down and abandoning module WorkspaceMenuStructure (70)
[2015.08.22-01.09.23:065][632]LogModuleManager: Shutting down and abandoning module MessageLog (69)
[2015.08.22-01.09.23:065][632]LogModuleManager: Shutting down and abandoning module Sequencer (68)
[2015.08.22-01.09.23:065][632]LogModuleManager: Shutting down and abandoning module AssetTools (67)
[2015.08.22-01.09.23:065][632]LogModuleManager: Shutting down and abandoning module UMGEditor (66)
[2015.08.22-01.09.23:065][632]LogModuleManager: Shutting down and abandoning module UMG (65)
[2015.08.22-01.09.23:065][632]LogModuleManager: Shutting down and abandoning module Slate (64)
[2015.08.22-01.09.23:065][632]LogModuleManager: Shutting down and abandoning module EditorStyle (63)
[2015.08.22-01.09.23:067][632]LogModuleManager: Shutting down and abandoning module SessionServices (62)
[2015.08.22-01.09.23:068][632]LogModuleManager: Shutting down and abandoning module SourceCodeAccess (61)
[2015.08.22-01.09.23:068][632]LogModuleManager: Shutting down and abandoning module HeadMountedDisplay (60)
[2015.08.22-01.09.23:068][632]LogModuleManager: Shutting down and abandoning module XAudio2 (59)
[2015.08.22-01.09.23:068][632]LogModuleManager: Shutting down and abandoning module Networking (57)
[2015.08.22-01.09.23:068][632]LogModuleManager: Shutting down and abandoning module Core (56)
[2015.08.22-01.09.23:068][632]LogModuleManager: Shutting down and abandoning module KismetCompiler (55)
[2015.08.22-01.09.23:068][632]LogModuleManager: Shutting down and abandoning module PhysXFormats (54)
[2015.08.22-01.09.23:068][632]LogModuleManager: Shutting down and abandoning module MeshUtilities (53)
[2015.08.22-01.09.23:068][632]LogModuleManager: Shutting down and abandoning module DerivedDataCache (52)
[2015.08.22-01.09.23:129][632]LogDerivedDataCache: Shutdown
[2015.08.22-01.09.23:129][632]LogModuleManager: Shutting down and abandoning module ShaderFormatOpenGL (51)
[2015.08.22-01.09.23:129][632]LogModuleManager: Shutting down and abandoning module ShaderFormatD3D (50)
[2015.08.22-01.09.23:129][632]LogModuleManager: Shutting down and abandoning module MetalShaderFormat (49)
[2015.08.22-01.09.23:129][632]LogModuleManager: Shutting down and abandoning module TextureFormatUncompressed (48)
[2015.08.22-01.09.23:129][632]LogModuleManager: Shutting down and abandoning module TextureFormatPVR (47)
[2015.08.22-01.09.23:129][632]LogModuleManager: Shutting down and abandoning module TextureFormatIntelISPCTexComp (46)
[2015.08.22-01.09.23:129][632]LogModuleManager: Shutting down and abandoning module TextureFormatDXT (45)
[2015.08.22-01.09.23:129][632]LogModuleManager: Shutting down and abandoning module ImageWrapper (44)
[2015.08.22-01.09.23:129][632]LogModuleManager: Shutting down and abandoning module TextureFormatASTC (43)
[2015.08.22-01.09.23:129][632]LogModuleManager: Shutting down and abandoning module TextureFormatAndroid (42)
[2015.08.22-01.09.23:129][632]LogModuleManager: Shutting down and abandoning module AudioFormatOpus (41)
[2015.08.22-01.09.23:129][632]LogModuleManager: Shutting down and abandoning module AudioFormatOgg (40)
[2015.08.22-01.09.23:129][632]LogModuleManager: Shutting down and abandoning module AudioFormatADPCM (39)
[2015.08.22-01.09.23:129][632]LogModuleManager: Shutting down and abandoning module LinuxTargetPlatform (38)
[2015.08.22-01.09.23:129][632]LogModuleManager: Shutting down and abandoning module LinuxServerTargetPlatform (37)
[2015.08.22-01.09.23:129][632]LogModuleManager: Shutting down and abandoning module LinuxNoEditorTargetPlatform (36)
[2015.08.22-01.09.23:129][632]LogModuleManager: Shutting down and abandoning module Messaging (35)
[2015.08.22-01.09.23:129][632]LogModuleManager: Shutting down and abandoning module IOSTargetPlatform (34)
[2015.08.22-01.09.23:129][632]LogModuleManager: Shutting down and abandoning module HTML5TargetPlatform (33)
[2015.08.22-01.09.23:129][632]LogModuleManager: Shutting down and abandoning module Android_PVRTCTargetPlatform (32)
[2015.08.22-01.09.23:129][632]LogModuleManager: Shutting down and abandoning module Android_ETC2TargetPlatform (31)
[2015.08.22-01.09.23:129][632]LogModuleManager: Shutting down and abandoning module Android_ETC1TargetPlatform (30)
[2015.08.22-01.09.23:129][632]LogModuleManager: Shutting down and abandoning module Android_DXTTargetPlatform (29)
[2015.08.22-01.09.23:129][632]LogModuleManager: Shutting down and abandoning module Android_ATCTargetPlatform (28)
[2015.08.22-01.09.23:129][632]LogModuleManager: Shutting down and abandoning module Android_ASTCTargetPlatform (27)
[2015.08.22-01.09.23:129][632]LogModuleManager: Shutting down and abandoning module AndroidTargetPlatform (26)
[2015.08.22-01.09.23:129][632]LogModuleManager: Shutting down and abandoning module WindowsTargetPlatform (25)
[2015.08.22-01.09.23:129][632]LogModuleManager: Shutting down and abandoning module WindowsServerTargetPlatform (24)
[2015.08.22-01.09.23:129][632]LogModuleManager: Shutting down and abandoning module WindowsNoEditorTargetPlatform (23)
[2015.08.22-01.09.23:129][632]LogModuleManager: Shutting down and abandoning module WindowsClientTargetPlatform (22)
[2015.08.22-01.09.23:129][632]LogModuleManager: Shutting down and abandoning module DesktopTargetPlatform (21)
[2015.08.22-01.09.23:129][632]LogModuleManager: Shutting down and abandoning module TargetPlatform (20)
[2015.08.22-01.09.23:129][632]LogModuleManager: Shutting down and abandoning module InputCore (19)
[2015.08.22-01.09.23:129][632]LogModuleManager: Shutting down and abandoning module Settings (18)
[2015.08.22-01.09.23:129][632]LogModuleManager: Shutting down and abandoning module OnlineSubsystem (16)
[2015.08.22-01.09.23:129][632]LogModuleManager: Shutting down and abandoning module HTTP (15)
[2015.08.22-01.09.23:130][632]LogModuleManager: Shutting down and abandoning module ExampleDeviceProfileSelector (14)
[2015.08.22-01.09.23:130][632]LogModuleManager: Shutting down and abandoning module TextureCompressor (13)
[2015.08.22-01.09.23:130][632]LogModuleManager: Shutting down and abandoning module ShaderCore (12)
[2015.08.22-01.09.23:130][632]LogModuleManager: Shutting down and abandoning module Landscape (11)
[2015.08.22-01.09.23:130][632]LogModuleManager: Shutting down and abandoning module SlateRHIRenderer (10)
[2015.08.22-01.09.23:132][632]LogModuleManager: Shutting down and abandoning module OpenGLDrv (9)
[2015.08.22-01.09.23:132][632]LogModuleManager: Shutting down and abandoning module D3D11RHI (8)
[2015.08.22-01.09.23:132][632]LogModuleManager: Shutting down and abandoning module Renderer (7)
[2015.08.22-01.09.23:132][632]LogModuleManager: Shutting down and abandoning module Engine (6)
[2015.08.22-01.09.23:132][632]LogModuleManager: Shutting down and abandoning module CoreUObject (5)
[2015.08.22-01.09.23:132][632]LogModuleManager: Shutting down and abandoning module NetworkFile (4)
[2015.08.22-01.09.23:132][632]LogModuleManager: Shutting down and abandoning module StreamingFile (3)
[2015.08.22-01.09.23:132][632]LogModuleManager: Shutting down and abandoning module SandboxFile (2)
[2015.08.22-01.09.23:132][632]LogModuleManager: Shutting down and abandoning module PakFile (1)
[2015.08.22-01.09.23:133][632]LogExit: Exiting.
[2015.08.22-01.09.23:149][632]Log file closed, 08/21/15 21:09:23
